{"/home/stevan/springBoard/node/express/express-jobly/app.js": {"path":"/home/stevan/springBoard/node/express/express-jobly/app.js","statementMap":{"0":{"start":{"line":5,"column":16},"end":{"line":5,"column":34}},"1":{"start":{"line":6,"column":13},"end":{"line":6,"column":28}},"2":{"start":{"line":8,"column":26},"end":{"line":8,"column":51}},"3":{"start":{"line":10,"column":28},"end":{"line":10,"column":56}},"4":{"start":{"line":11,"column":19},"end":{"line":11,"column":43}},"5":{"start":{"line":12,"column":24},"end":{"line":12,"column":53}},"6":{"start":{"line":13,"column":20},"end":{"line":13,"column":45}},"7":{"start":{"line":14,"column":19},"end":{"line":14,"column":43}},"8":{"start":{"line":16,"column":15},"end":{"line":16,"column":32}},"9":{"start":{"line":18,"column":12},"end":{"line":18,"column":21}},"10":{"start":{"line":20,"column":0},"end":{"line":20,"column":16}},"11":{"start":{"line":21,"column":0},"end":{"line":21,"column":24}},"12":{"start":{"line":22,"column":0},"end":{"line":22,"column":24}},"13":{"start":{"line":23,"column":0},"end":{"line":23,"column":25}},"14":{"start":{"line":25,"column":0},"end":{"line":25,"column":29}},"15":{"start":{"line":26,"column":0},"end":{"line":26,"column":39}},"16":{"start":{"line":27,"column":0},"end":{"line":27,"column":31}},"17":{"start":{"line":28,"column":0},"end":{"line":28,"column":29}},"18":{"start":{"line":33,"column":0},"end":{"line":35,"column":3}},"19":{"start":{"line":34,"column":2},"end":{"line":34,"column":35}},"20":{"start":{"line":38,"column":0},"end":{"line":46,"column":3}},"21":{"start":{"line":39,"column":2},"end":{"line":39,"column":64}},"22":{"start":{"line":39,"column":39},"end":{"line":39,"column":64}},"23":{"start":{"line":40,"column":17},"end":{"line":40,"column":34}},"24":{"start":{"line":41,"column":18},"end":{"line":41,"column":29}},"25":{"start":{"line":43,"column":2},"end":{"line":45,"column":5}},"26":{"start":{"line":48,"column":0},"end":{"line":48,"column":21}}},"fnMap":{"0":{"name":"(anonymous_0)","decl":{"start":{"line":33,"column":8},"end":{"line":33,"column":9}},"loc":{"start":{"line":33,"column":34},"end":{"line":35,"column":1}},"line":33},"1":{"name":"(anonymous_1)","decl":{"start":{"line":38,"column":8},"end":{"line":38,"column":9}},"loc":{"start":{"line":38,"column":39},"end":{"line":46,"column":1}},"line":38}},"branchMap":{"0":{"loc":{"start":{"line":39,"column":2},"end":{"line":39,"column":64}},"type":"if","locations":[{"start":{"line":39,"column":2},"end":{"line":39,"column":64}},{"start":{},"end":{}}],"line":39},"1":{"loc":{"start":{"line":40,"column":17},"end":{"line":40,"column":34}},"type":"binary-expr","locations":[{"start":{"line":40,"column":17},"end":{"line":40,"column":27}},{"start":{"line":40,"column":31},"end":{"line":40,"column":34}}],"line":40}},"s":{"0":5,"1":5,"2":5,"3":5,"4":5,"5":5,"6":5,"7":5,"8":5,"9":5,"10":5,"11":5,"12":5,"13":5,"14":5,"15":5,"16":5,"17":5,"18":5,"19":2,"20":5,"21":37,"22":1,"23":37,"24":37,"25":37,"26":5},"f":{"0":2,"1":37},"b":{"0":[1,36],"1":[37,4]},"_coverageSchema":"1a1c01bbd47fc00a2c39e90264f33305004495a9","hash":"5b3fab9a0d88ce9fb7a707e51119c4d87930b413"}
,"/home/stevan/springBoard/node/express/express-jobly/config.js": {"path":"/home/stevan/springBoard/node/express/express-jobly/config.js","statementMap":{"0":{"start":{"line":5,"column":0},"end":{"line":5,"column":27}},"1":{"start":{"line":6,"column":0},"end":{"line":6,"column":18}},"2":{"start":{"line":8,"column":19},"end":{"line":8,"column":57}},"3":{"start":{"line":10,"column":13},"end":{"line":10,"column":38}},"4":{"start":{"line":14,"column":2},"end":{"line":16,"column":88}},"5":{"start":{"line":22,"column":27},"end":{"line":22,"column":67}},"6":{"start":{"line":24,"column":0},"end":{"line":24,"column":35}},"7":{"start":{"line":25,"column":0},"end":{"line":25,"column":46}},"8":{"start":{"line":26,"column":0},"end":{"line":26,"column":45}},"9":{"start":{"line":27,"column":0},"end":{"line":27,"column":61}},"10":{"start":{"line":28,"column":0},"end":{"line":28,"column":50}},"11":{"start":{"line":29,"column":0},"end":{"line":29,"column":19}},"12":{"start":{"line":31,"column":0},"end":{"line":36,"column":2}}},"fnMap":{"0":{"name":"getDatabaseUri","decl":{"start":{"line":13,"column":9},"end":{"line":13,"column":23}},"loc":{"start":{"line":13,"column":26},"end":{"line":17,"column":1}},"line":13}},"branchMap":{"0":{"loc":{"start":{"line":8,"column":19},"end":{"line":8,"column":57}},"type":"binary-expr","locations":[{"start":{"line":8,"column":19},"end":{"line":8,"column":41}},{"start":{"line":8,"column":45},"end":{"line":8,"column":57}}],"line":8},"1":{"loc":{"start":{"line":10,"column":13},"end":{"line":10,"column":38}},"type":"binary-expr","locations":[{"start":{"line":10,"column":13},"end":{"line":10,"column":30}},{"start":{"line":10,"column":34},"end":{"line":10,"column":38}}],"line":10},"2":{"loc":{"start":{"line":14,"column":9},"end":{"line":16,"column":87}},"type":"cond-expr","locations":[{"start":{"line":15,"column":8},"end":{"line":15,"column":64}},{"start":{"line":16,"column":8},"end":{"line":16,"column":87}}],"line":14},"3":{"loc":{"start":{"line":16,"column":8},"end":{"line":16,"column":87}},"type":"binary-expr","locations":[{"start":{"line":16,"column":8},"end":{"line":16,"column":32}},{"start":{"line":16,"column":36},"end":{"line":16,"column":87}}],"line":16},"4":{"loc":{"start":{"line":22,"column":27},"end":{"line":22,"column":67}},"type":"cond-expr","locations":[{"start":{"line":22,"column":61},"end":{"line":22,"column":62}},{"start":{"line":22,"column":65},"end":{"line":22,"column":67}}],"line":22}},"s":{"0":12,"1":12,"2":12,"3":12,"4":23,"5":12,"6":12,"7":12,"8":12,"9":12,"10":12,"11":12,"12":12},"f":{"0":23},"b":{"0":[12,11],"1":[12,11],"2":[20,3],"3":[3,1],"4":[11,1]},"_coverageSchema":"1a1c01bbd47fc00a2c39e90264f33305004495a9","hash":"f86410df3bb6735a66549752433e7f4b2e1449c9"}
,"/home/stevan/springBoard/node/express/express-jobly/db.js": {"path":"/home/stevan/springBoard/node/express/express-jobly/db.js","statementMap":{"0":{"start":{"line":3,"column":19},"end":{"line":3,"column":32}},"1":{"start":{"line":4,"column":27},"end":{"line":4,"column":46}},"2":{"start":{"line":8,"column":0},"end":{"line":19,"column":1}},"3":{"start":{"line":9,"column":2},"end":{"line":14,"column":5}},"4":{"start":{"line":16,"column":2},"end":{"line":18,"column":5}},"5":{"start":{"line":21,"column":0},"end":{"line":21,"column":13}},"6":{"start":{"line":23,"column":0},"end":{"line":23,"column":20}}},"fnMap":{},"branchMap":{"0":{"loc":{"start":{"line":8,"column":0},"end":{"line":19,"column":1}},"type":"if","locations":[{"start":{"line":8,"column":0},"end":{"line":19,"column":1}},{"start":{"line":15,"column":7},"end":{"line":19,"column":1}}],"line":8}},"s":{"0":8,"1":8,"2":8,"3":0,"4":8,"5":8,"6":8},"f":{},"b":{"0":[0,8]},"_coverageSchema":"1a1c01bbd47fc00a2c39e90264f33305004495a9","hash":"84780274bf889b9ca6335744e8c172a49fa47a7b"}
,"/home/stevan/springBoard/node/express/express-jobly/expressError.js": {"path":"/home/stevan/springBoard/node/express/express-jobly/expressError.js","statementMap":{"0":{"start":{"line":9,"column":4},"end":{"line":9,"column":12}},"1":{"start":{"line":10,"column":4},"end":{"line":10,"column":27}},"2":{"start":{"line":11,"column":4},"end":{"line":11,"column":25}},"3":{"start":{"line":19,"column":4},"end":{"line":19,"column":24}},"4":{"start":{"line":27,"column":4},"end":{"line":27,"column":24}},"5":{"start":{"line":35,"column":4},"end":{"line":35,"column":24}},"6":{"start":{"line":43,"column":4},"end":{"line":43,"column":24}},"7":{"start":{"line":47,"column":0},"end":{"line":53,"column":2}}},"fnMap":{"0":{"name":"(anonymous_0)","decl":{"start":{"line":8,"column":2},"end":{"line":8,"column":3}},"loc":{"start":{"line":8,"column":31},"end":{"line":12,"column":3}},"line":8},"1":{"name":"(anonymous_1)","decl":{"start":{"line":18,"column":2},"end":{"line":18,"column":3}},"loc":{"start":{"line":18,"column":37},"end":{"line":20,"column":3}},"line":18},"2":{"name":"(anonymous_2)","decl":{"start":{"line":26,"column":2},"end":{"line":26,"column":3}},"loc":{"start":{"line":26,"column":40},"end":{"line":28,"column":3}},"line":26},"3":{"name":"(anonymous_3)","decl":{"start":{"line":34,"column":2},"end":{"line":34,"column":3}},"loc":{"start":{"line":34,"column":39},"end":{"line":36,"column":3}},"line":34},"4":{"name":"(anonymous_4)","decl":{"start":{"line":42,"column":2},"end":{"line":42,"column":3}},"loc":{"start":{"line":42,"column":39},"end":{"line":44,"column":3}},"line":42}},"branchMap":{"0":{"loc":{"start":{"line":18,"column":14},"end":{"line":18,"column":35}},"type":"default-arg","locations":[{"start":{"line":18,"column":24},"end":{"line":18,"column":35}}],"line":18},"1":{"loc":{"start":{"line":26,"column":14},"end":{"line":26,"column":38}},"type":"default-arg","locations":[{"start":{"line":26,"column":24},"end":{"line":26,"column":38}}],"line":26},"2":{"loc":{"start":{"line":34,"column":14},"end":{"line":34,"column":37}},"type":"default-arg","locations":[{"start":{"line":34,"column":24},"end":{"line":34,"column":37}}],"line":34},"3":{"loc":{"start":{"line":42,"column":14},"end":{"line":42,"column":37}},"type":"default-arg","locations":[{"start":{"line":42,"column":24},"end":{"line":42,"column":37}}],"line":42}},"s":{"0":50,"1":50,"2":50,"3":15,"4":18,"5":17,"6":0,"7":10},"f":{"0":50,"1":15,"2":18,"3":17,"4":0},"b":{"0":[2],"1":[14],"2":[0],"3":[0]},"_coverageSchema":"1a1c01bbd47fc00a2c39e90264f33305004495a9","hash":"1a862ffcead951d0757033a2d00ed16ea0a34272"}
,"/home/stevan/springBoard/node/express/express-jobly/helpers/sql.js": {"path":"/home/stevan/springBoard/node/express/express-jobly/helpers/sql.js","statementMap":{"0":{"start":{"line":1,"column":28},"end":{"line":1,"column":54}},"1":{"start":{"line":7,"column":15},"end":{"line":7,"column":40}},"2":{"start":{"line":9,"column":2},"end":{"line":9,"column":62}},"3":{"start":{"line":9,"column":25},"end":{"line":9,"column":62}},"4":{"start":{"line":14,"column":15},"end":{"line":16,"column":3}},"5":{"start":{"line":15,"column":6},"end":{"line":15,"column":52}},"6":{"start":{"line":18,"column":2},"end":{"line":22,"column":4}},"7":{"start":{"line":25,"column":0},"end":{"line":25,"column":41}}},"fnMap":{"0":{"name":"sqlForPartialUpdate","decl":{"start":{"line":5,"column":9},"end":{"line":5,"column":28}},"loc":{"start":{"line":5,"column":52},"end":{"line":23,"column":1}},"line":5},"1":{"name":"(anonymous_1)","decl":{"start":{"line":14,"column":24},"end":{"line":14,"column":25}},"loc":{"start":{"line":15,"column":6},"end":{"line":15,"column":52}},"line":15}},"branchMap":{"0":{"loc":{"start":{"line":9,"column":2},"end":{"line":9,"column":62}},"type":"if","locations":[{"start":{"line":9,"column":2},"end":{"line":9,"column":62}},{"start":{},"end":{}}],"line":9},"1":{"loc":{"start":{"line":15,"column":10},"end":{"line":15,"column":37}},"type":"binary-expr","locations":[{"start":{"line":15,"column":10},"end":{"line":15,"column":26}},{"start":{"line":15,"column":30},"end":{"line":15,"column":37}}],"line":15}},"s":{"0":9,"1":16,"2":16,"3":3,"4":13,"5":25,"6":13,"7":9},"f":{"0":16,"1":25},"b":{"0":[3,13],"1":[25,12]},"_coverageSchema":"1a1c01bbd47fc00a2c39e90264f33305004495a9","hash":"7286bcb0a6456f081c0f85a2b4005c61be1425d1"}
,"/home/stevan/springBoard/node/express/express-jobly/helpers/tokens.js": {"path":"/home/stevan/springBoard/node/express/express-jobly/helpers/tokens.js","statementMap":{"0":{"start":{"line":1,"column":12},"end":{"line":1,"column":35}},"1":{"start":{"line":2,"column":23},"end":{"line":2,"column":43}},"2":{"start":{"line":7,"column":2},"end":{"line":8,"column":58}},"3":{"start":{"line":10,"column":16},"end":{"line":13,"column":3}},"4":{"start":{"line":15,"column":2},"end":{"line":15,"column":39}},"5":{"start":{"line":18,"column":0},"end":{"line":18,"column":33}}},"fnMap":{"0":{"name":"createToken","decl":{"start":{"line":6,"column":9},"end":{"line":6,"column":20}},"loc":{"start":{"line":6,"column":27},"end":{"line":16,"column":1}},"line":6}},"branchMap":{"0":{"loc":{"start":{"line":12,"column":13},"end":{"line":12,"column":34}},"type":"binary-expr","locations":[{"start":{"line":12,"column":13},"end":{"line":12,"column":25}},{"start":{"line":12,"column":29},"end":{"line":12,"column":34}}],"line":12}},"s":{"0":8,"1":8,"2":25,"3":25,"4":25,"5":8},"f":{"0":25},"b":{"0":[25,16]},"_coverageSchema":"1a1c01bbd47fc00a2c39e90264f33305004495a9","hash":"7de80493092972b1feff6919274bf96816bdee9c"}
,"/home/stevan/springBoard/node/express/express-jobly/middleware/auth.js": {"path":"/home/stevan/springBoard/node/express/express-jobly/middleware/auth.js","statementMap":{"0":{"start":{"line":5,"column":12},"end":{"line":5,"column":35}},"1":{"start":{"line":6,"column":23},"end":{"line":6,"column":43}},"2":{"start":{"line":7,"column":44},"end":{"line":7,"column":70}},"3":{"start":{"line":19,"column":2},"end":{"line":28,"column":3}},"4":{"start":{"line":20,"column":23},"end":{"line":20,"column":63}},"5":{"start":{"line":21,"column":4},"end":{"line":24,"column":5}},"6":{"start":{"line":22,"column":20},"end":{"line":22,"column":64}},"7":{"start":{"line":23,"column":6},"end":{"line":23,"column":54}},"8":{"start":{"line":25,"column":4},"end":{"line":25,"column":18}},"9":{"start":{"line":27,"column":4},"end":{"line":27,"column":18}},"10":{"start":{"line":37,"column":2},"end":{"line":42,"column":3}},"11":{"start":{"line":38,"column":4},"end":{"line":38,"column":56}},"12":{"start":{"line":38,"column":26},"end":{"line":38,"column":56}},"13":{"start":{"line":39,"column":4},"end":{"line":39,"column":18}},"14":{"start":{"line":41,"column":4},"end":{"line":41,"column":21}},"15":{"start":{"line":48,"column":2},"end":{"line":55,"column":3}},"16":{"start":{"line":49,"column":4},"end":{"line":51,"column":5}},"17":{"start":{"line":50,"column":6},"end":{"line":50,"column":36}},"18":{"start":{"line":52,"column":4},"end":{"line":52,"column":18}},"19":{"start":{"line":54,"column":4},"end":{"line":54,"column":21}},"20":{"start":{"line":60,"column":2},"end":{"line":68,"column":3}},"21":{"start":{"line":61,"column":17},"end":{"line":61,"column":32}},"22":{"start":{"line":62,"column":4},"end":{"line":64,"column":5}},"23":{"start":{"line":63,"column":6},"end":{"line":63,"column":36}},"24":{"start":{"line":65,"column":4},"end":{"line":65,"column":18}},"25":{"start":{"line":67,"column":4},"end":{"line":67,"column":21}},"26":{"start":{"line":73,"column":0},"end":{"line":78,"column":2}}},"fnMap":{"0":{"name":"authenticateJWT","decl":{"start":{"line":18,"column":9},"end":{"line":18,"column":24}},"loc":{"start":{"line":18,"column":41},"end":{"line":29,"column":1}},"line":18},"1":{"name":"ensureLoggedIn","decl":{"start":{"line":36,"column":9},"end":{"line":36,"column":23}},"loc":{"start":{"line":36,"column":40},"end":{"line":43,"column":1}},"line":36},"2":{"name":"ensureAdmin","decl":{"start":{"line":47,"column":9},"end":{"line":47,"column":20}},"loc":{"start":{"line":47,"column":37},"end":{"line":56,"column":1}},"line":47},"3":{"name":"ensureCorrectUserOrAdmin","decl":{"start":{"line":59,"column":9},"end":{"line":59,"column":33}},"loc":{"start":{"line":59,"column":50},"end":{"line":69,"column":1}},"line":59}},"branchMap":{"0":{"loc":{"start":{"line":20,"column":23},"end":{"line":20,"column":63}},"type":"binary-expr","locations":[{"start":{"line":20,"column":23},"end":{"line":20,"column":34}},{"start":{"line":20,"column":38},"end":{"line":20,"column":63}}],"line":20},"1":{"loc":{"start":{"line":21,"column":4},"end":{"line":24,"column":5}},"type":"if","locations":[{"start":{"line":21,"column":4},"end":{"line":24,"column":5}},{"start":{},"end":{}}],"line":21},"2":{"loc":{"start":{"line":38,"column":4},"end":{"line":38,"column":56}},"type":"if","locations":[{"start":{"line":38,"column":4},"end":{"line":38,"column":56}},{"start":{},"end":{}}],"line":38},"3":{"loc":{"start":{"line":49,"column":4},"end":{"line":51,"column":5}},"type":"if","locations":[{"start":{"line":49,"column":4},"end":{"line":51,"column":5}},{"start":{},"end":{}}],"line":49},"4":{"loc":{"start":{"line":49,"column":8},"end":{"line":49,"column":52}},"type":"binary-expr","locations":[{"start":{"line":49,"column":8},"end":{"line":49,"column":24}},{"start":{"line":49,"column":28},"end":{"line":49,"column":52}}],"line":49},"5":{"loc":{"start":{"line":62,"column":4},"end":{"line":64,"column":5}},"type":"if","locations":[{"start":{"line":62,"column":4},"end":{"line":64,"column":5}},{"start":{},"end":{}}],"line":62},"6":{"loc":{"start":{"line":62,"column":10},"end":{"line":62,"column":73}},"type":"binary-expr","locations":[{"start":{"line":62,"column":10},"end":{"line":62,"column":14}},{"start":{"line":62,"column":19},"end":{"line":62,"column":31}},{"start":{"line":62,"column":35},"end":{"line":62,"column":72}}],"line":62}},"s":{"0":6,"1":6,"2":6,"3":62,"4":62,"5":62,"6":38,"7":38,"8":61,"9":1,"10":4,"11":4,"12":2,"13":2,"14":2,"15":28,"16":28,"17":8,"18":20,"19":8,"20":12,"21":12,"22":12,"23":4,"24":8,"25":4,"26":6},"f":{"0":62,"1":4,"2":28,"3":12},"b":{"0":[62,61],"1":[38,24],"2":[2,2],"3":[8,20],"4":[28,23],"5":[4,8],"6":[12,10,4]},"_coverageSchema":"1a1c01bbd47fc00a2c39e90264f33305004495a9","hash":"e745cfe81de399e4ed6f0057d42718dbb943f40c"}
,"/home/stevan/springBoard/node/express/express-jobly/models/_testCommon.js": {"path":"/home/stevan/springBoard/node/express/express-jobly/models/_testCommon.js","statementMap":{"0":{"start":{"line":1,"column":15},"end":{"line":1,"column":32}},"1":{"start":{"line":3,"column":11},"end":{"line":3,"column":30}},"2":{"start":{"line":4,"column":12},"end":{"line":4,"column":37}},"3":{"start":{"line":5,"column":31},"end":{"line":5,"column":51}},"4":{"start":{"line":9,"column":2},"end":{"line":9,"column":42}},"5":{"start":{"line":11,"column":2},"end":{"line":11,"column":38}},"6":{"start":{"line":16,"column":2},"end":{"line":20,"column":55}},"7":{"start":{"line":21,"column":11},"end":{"line":26,"column":12}},"8":{"start":{"line":30,"column":2},"end":{"line":42,"column":9}},"9":{"start":{"line":46,"column":2},"end":{"line":46,"column":26}},"10":{"start":{"line":50,"column":2},"end":{"line":50,"column":29}},"11":{"start":{"line":54,"column":2},"end":{"line":54,"column":17}},"12":{"start":{"line":58,"column":0},"end":{"line":63,"column":2}}},"fnMap":{"0":{"name":"commonBeforeAll","decl":{"start":{"line":7,"column":15},"end":{"line":7,"column":30}},"loc":{"start":{"line":7,"column":33},"end":{"line":43,"column":1}},"line":7},"1":{"name":"commonBeforeEach","decl":{"start":{"line":45,"column":15},"end":{"line":45,"column":31}},"loc":{"start":{"line":45,"column":34},"end":{"line":47,"column":1}},"line":45},"2":{"name":"commonAfterEach","decl":{"start":{"line":49,"column":15},"end":{"line":49,"column":30}},"loc":{"start":{"line":49,"column":33},"end":{"line":51,"column":1}},"line":49},"3":{"name":"commonAfterAll","decl":{"start":{"line":53,"column":15},"end":{"line":53,"column":29}},"loc":{"start":{"line":53,"column":32},"end":{"line":55,"column":1}},"line":53}},"branchMap":{},"s":{"0":1,"1":1,"2":1,"3":1,"4":1,"5":1,"6":1,"7":1,"8":1,"9":16,"10":16,"11":1,"12":1},"f":{"0":1,"1":16,"2":16,"3":1},"b":{},"_coverageSchema":"1a1c01bbd47fc00a2c39e90264f33305004495a9","hash":"7104334fd45f1169faac6ca01cd6078d415c2756"}
,"/home/stevan/springBoard/node/express/express-jobly/models/company.js": {"path":"/home/stevan/springBoard/node/express/express-jobly/models/company.js","statementMap":{"0":{"start":{"line":3,"column":12},"end":{"line":3,"column":43}},"1":{"start":{"line":4,"column":11},"end":{"line":4,"column":27}},"2":{"start":{"line":5,"column":43},"end":{"line":5,"column":69}},"3":{"start":{"line":6,"column":32},"end":{"line":6,"column":57}},"4":{"start":{"line":21,"column":27},"end":{"line":25,"column":17}},"5":{"start":{"line":27,"column":4},"end":{"line":28,"column":64}},"6":{"start":{"line":28,"column":6},"end":{"line":28,"column":64}},"7":{"start":{"line":30,"column":19},"end":{"line":42,"column":5}},"8":{"start":{"line":43,"column":20},"end":{"line":43,"column":34}},"9":{"start":{"line":45,"column":4},"end":{"line":45,"column":19}},"10":{"start":{"line":54,"column":25},"end":{"line":61,"column":26}},"11":{"start":{"line":62,"column":4},"end":{"line":62,"column":29}},"12":{"start":{"line":70,"column":22},"end":{"line":70,"column":35}},"13":{"start":{"line":73,"column":4},"end":{"line":92,"column":5}},"14":{"start":{"line":74,"column":5},"end":{"line":82,"column":23}},"15":{"start":{"line":84,"column":7},"end":{"line":91,"column":25}},"16":{"start":{"line":94,"column":20},"end":{"line":94,"column":22}},"17":{"start":{"line":95,"column":7},"end":{"line":111,"column":7}},"18":{"start":{"line":96,"column":9},"end":{"line":98,"column":10}},"19":{"start":{"line":97,"column":10},"end":{"line":97,"column":69}},"20":{"start":{"line":97,"column":61},"end":{"line":97,"column":69}},"21":{"start":{"line":100,"column":11},"end":{"line":111,"column":7}},"22":{"start":{"line":102,"column":9},"end":{"line":104,"column":10}},"23":{"start":{"line":103,"column":10},"end":{"line":103,"column":43}},"24":{"start":{"line":103,"column":35},"end":{"line":103,"column":43}},"25":{"start":{"line":106,"column":11},"end":{"line":111,"column":7}},"26":{"start":{"line":108,"column":9},"end":{"line":110,"column":10}},"27":{"start":{"line":109,"column":10},"end":{"line":109,"column":44}},"28":{"start":{"line":109,"column":36},"end":{"line":109,"column":44}},"29":{"start":{"line":113,"column":6},"end":{"line":113,"column":66}},"30":{"start":{"line":113,"column":29},"end":{"line":113,"column":66}},"31":{"start":{"line":113,"column":56},"end":{"line":113,"column":65}},"32":{"start":{"line":114,"column":7},"end":{"line":114,"column":32}},"33":{"start":{"line":126,"column":23},"end":{"line":134,"column":17}},"34":{"start":{"line":136,"column":20},"end":{"line":136,"column":38}},"35":{"start":{"line":138,"column":4},"end":{"line":138,"column":67}},"36":{"start":{"line":138,"column":18},"end":{"line":138,"column":67}},"37":{"start":{"line":140,"column":4},"end":{"line":140,"column":19}},"38":{"start":{"line":156,"column":32},"end":{"line":161,"column":10}},"39":{"start":{"line":162,"column":25},"end":{"line":162,"column":50}},"40":{"start":{"line":164,"column":21},"end":{"line":171,"column":54}},"41":{"start":{"line":172,"column":19},"end":{"line":172,"column":64}},"42":{"start":{"line":173,"column":20},"end":{"line":173,"column":34}},"43":{"start":{"line":175,"column":4},"end":{"line":175,"column":67}},"44":{"start":{"line":175,"column":18},"end":{"line":175,"column":67}},"45":{"start":{"line":177,"column":4},"end":{"line":177,"column":19}},"46":{"start":{"line":186,"column":19},"end":{"line":191,"column":17}},"47":{"start":{"line":192,"column":20},"end":{"line":192,"column":34}},"48":{"start":{"line":194,"column":4},"end":{"line":194,"column":67}},"49":{"start":{"line":194,"column":18},"end":{"line":194,"column":67}},"50":{"start":{"line":199,"column":0},"end":{"line":199,"column":25}}},"fnMap":{"0":{"name":"(anonymous_0)","decl":{"start":{"line":20,"column":2},"end":{"line":20,"column":3}},"loc":{"start":{"line":20,"column":76},"end":{"line":46,"column":3}},"line":20},"1":{"name":"(anonymous_1)","decl":{"start":{"line":53,"column":2},"end":{"line":53,"column":3}},"loc":{"start":{"line":53,"column":25},"end":{"line":63,"column":3}},"line":53},"2":{"name":"(anonymous_2)","decl":{"start":{"line":68,"column":2},"end":{"line":68,"column":3}},"loc":{"start":{"line":68,"column":37},"end":{"line":115,"column":3}},"line":68},"3":{"name":"(anonymous_3)","decl":{"start":{"line":96,"column":41},"end":{"line":96,"column":42}},"loc":{"start":{"line":96,"column":44},"end":{"line":98,"column":9}},"line":96},"4":{"name":"(anonymous_4)","decl":{"start":{"line":102,"column":41},"end":{"line":102,"column":42}},"loc":{"start":{"line":102,"column":44},"end":{"line":104,"column":9}},"line":102},"5":{"name":"(anonymous_5)","decl":{"start":{"line":108,"column":41},"end":{"line":108,"column":42}},"loc":{"start":{"line":108,"column":44},"end":{"line":110,"column":9}},"line":108},"6":{"name":"(anonymous_6)","decl":{"start":{"line":113,"column":51},"end":{"line":113,"column":52}},"loc":{"start":{"line":113,"column":56},"end":{"line":113,"column":65}},"line":113},"7":{"name":"(anonymous_7)","decl":{"start":{"line":125,"column":2},"end":{"line":125,"column":3}},"loc":{"start":{"line":125,"column":27},"end":{"line":141,"column":3}},"line":125},"8":{"name":"(anonymous_8)","decl":{"start":{"line":155,"column":2},"end":{"line":155,"column":3}},"loc":{"start":{"line":155,"column":36},"end":{"line":178,"column":3}},"line":155},"9":{"name":"(anonymous_9)","decl":{"start":{"line":185,"column":2},"end":{"line":185,"column":3}},"loc":{"start":{"line":185,"column":30},"end":{"line":195,"column":3}},"line":185}},"branchMap":{"0":{"loc":{"start":{"line":27,"column":4},"end":{"line":28,"column":64}},"type":"if","locations":[{"start":{"line":27,"column":4},"end":{"line":28,"column":64}},{"start":{},"end":{}}],"line":27},"1":{"loc":{"start":{"line":73,"column":4},"end":{"line":92,"column":5}},"type":"if","locations":[{"start":{"line":73,"column":4},"end":{"line":92,"column":5}},{"start":{"line":83,"column":9},"end":{"line":92,"column":5}}],"line":73},"2":{"loc":{"start":{"line":95,"column":7},"end":{"line":111,"column":7}},"type":"if","locations":[{"start":{"line":95,"column":7},"end":{"line":111,"column":7}},{"start":{"line":100,"column":11},"end":{"line":111,"column":7}}],"line":95},"3":{"loc":{"start":{"line":95,"column":10},"end":{"line":95,"column":20}},"type":"binary-expr","locations":[{"start":{"line":95,"column":10},"end":{"line":95,"column":13}},{"start":{"line":95,"column":17},"end":{"line":95,"column":20}}],"line":95},"4":{"loc":{"start":{"line":97,"column":10},"end":{"line":97,"column":69}},"type":"if","locations":[{"start":{"line":97,"column":10},"end":{"line":97,"column":69}},{"start":{},"end":{}}],"line":97},"5":{"loc":{"start":{"line":97,"column":13},"end":{"line":97,"column":59}},"type":"binary-expr","locations":[{"start":{"line":97,"column":13},"end":{"line":97,"column":34}},{"start":{"line":97,"column":38},"end":{"line":97,"column":59}}],"line":97},"6":{"loc":{"start":{"line":100,"column":11},"end":{"line":111,"column":7}},"type":"if","locations":[{"start":{"line":100,"column":11},"end":{"line":111,"column":7}},{"start":{"line":106,"column":11},"end":{"line":111,"column":7}}],"line":100},"7":{"loc":{"start":{"line":103,"column":10},"end":{"line":103,"column":43}},"type":"if","locations":[{"start":{"line":103,"column":10},"end":{"line":103,"column":43}},{"start":{},"end":{}}],"line":103},"8":{"loc":{"start":{"line":106,"column":11},"end":{"line":111,"column":7}},"type":"if","locations":[{"start":{"line":106,"column":11},"end":{"line":111,"column":7}},{"start":{},"end":{}}],"line":106},"9":{"loc":{"start":{"line":109,"column":10},"end":{"line":109,"column":44}},"type":"if","locations":[{"start":{"line":109,"column":10},"end":{"line":109,"column":44}},{"start":{},"end":{}}],"line":109},"10":{"loc":{"start":{"line":113,"column":6},"end":{"line":113,"column":66}},"type":"if","locations":[{"start":{"line":113,"column":6},"end":{"line":113,"column":66}},{"start":{},"end":{}}],"line":113},"11":{"loc":{"start":{"line":138,"column":4},"end":{"line":138,"column":67}},"type":"if","locations":[{"start":{"line":138,"column":4},"end":{"line":138,"column":67}},{"start":{},"end":{}}],"line":138},"12":{"loc":{"start":{"line":175,"column":4},"end":{"line":175,"column":67}},"type":"if","locations":[{"start":{"line":175,"column":4},"end":{"line":175,"column":67}},{"start":{},"end":{}}],"line":175},"13":{"loc":{"start":{"line":194,"column":4},"end":{"line":194,"column":67}},"type":"if","locations":[{"start":{"line":194,"column":4},"end":{"line":194,"column":67}},{"start":{},"end":{}}],"line":194}},"s":{"0":7,"1":7,"2":7,"3":7,"4":22,"5":22,"6":1,"7":21,"8":21,"9":21,"10":3,"11":2,"12":4,"13":4,"14":2,"15":2,"16":4,"17":4,"18":1,"19":1,"20":1,"21":3,"22":1,"23":3,"24":2,"25":2,"26":1,"27":3,"28":2,"29":4,"30":3,"31":7,"32":1,"33":5,"34":5,"35":5,"36":2,"37":3,"38":6,"39":5,"40":5,"41":5,"42":5,"43":5,"44":2,"45":3,"46":4,"47":4,"48":4,"49":2,"50":7},"f":{"0":22,"1":3,"2":4,"3":1,"4":3,"5":3,"6":7,"7":5,"8":6,"9":4},"b":{"0":[1,21],"1":[2,2],"2":[1,3],"3":[4,2],"4":[1,0],"5":[1,1],"6":[1,2],"7":[2,1],"8":[1,1],"9":[2,1],"10":[3,1],"11":[2,3],"12":[2,3],"13":[2,2]},"_coverageSchema":"1a1c01bbd47fc00a2c39e90264f33305004495a9","hash":"40e25b7a5b1156360406746f66432de987afdcb1"}
,"/home/stevan/springBoard/node/express/express-jobly/models/jobs.js": {"path":"/home/stevan/springBoard/node/express/express-jobly/models/jobs.js","statementMap":{"0":{"start":{"line":3,"column":12},"end":{"line":3,"column":43}},"1":{"start":{"line":4,"column":11},"end":{"line":4,"column":27}},"2":{"start":{"line":5,"column":43},"end":{"line":5,"column":69}},"3":{"start":{"line":6,"column":32},"end":{"line":6,"column":57}},"4":{"start":{"line":12,"column":31},"end":{"line":15,"column":35}},"5":{"start":{"line":17,"column":8},"end":{"line":18,"column":65}},"6":{"start":{"line":18,"column":12},"end":{"line":18,"column":65}},"7":{"start":{"line":21,"column":24},"end":{"line":29,"column":28}},"8":{"start":{"line":32,"column":20},"end":{"line":32,"column":35}},"9":{"start":{"line":34,"column":8},"end":{"line":34,"column":18}},"10":{"start":{"line":43,"column":21},"end":{"line":46,"column":24}},"11":{"start":{"line":47,"column":8},"end":{"line":47,"column":24}},"12":{"start":{"line":55,"column":22},"end":{"line":55,"column":36}},"13":{"start":{"line":56,"column":17},"end":{"line":56,"column":22}},"14":{"start":{"line":57,"column":4},"end":{"line":59,"column":5}},"15":{"start":{"line":58,"column":8},"end":{"line":58,"column":21}},"16":{"start":{"line":61,"column":4},"end":{"line":78,"column":7}},"17":{"start":{"line":62,"column":8},"end":{"line":69,"column":26}},"18":{"start":{"line":71,"column":8},"end":{"line":77,"column":28}},"19":{"start":{"line":80,"column":25},"end":{"line":80,"column":27}},"20":{"start":{"line":81,"column":6},"end":{"line":81,"column":36}},"21":{"start":{"line":82,"column":6},"end":{"line":99,"column":7}},"22":{"start":{"line":83,"column":10},"end":{"line":83,"column":31}},"23":{"start":{"line":84,"column":10},"end":{"line":87,"column":12}},"24":{"start":{"line":85,"column":14},"end":{"line":86,"column":22}},"25":{"start":{"line":86,"column":14},"end":{"line":86,"column":22}},"26":{"start":{"line":90,"column":11},"end":{"line":99,"column":7}},"27":{"start":{"line":91,"column":8},"end":{"line":93,"column":10}},"28":{"start":{"line":92,"column":12},"end":{"line":92,"column":46}},"29":{"start":{"line":92,"column":38},"end":{"line":92,"column":46}},"30":{"start":{"line":95,"column":11},"end":{"line":99,"column":7}},"31":{"start":{"line":96,"column":8},"end":{"line":98,"column":10}},"32":{"start":{"line":97,"column":12},"end":{"line":97,"column":62}},"33":{"start":{"line":97,"column":54},"end":{"line":97,"column":62}},"34":{"start":{"line":101,"column":6},"end":{"line":101,"column":76}},"35":{"start":{"line":101,"column":34},"end":{"line":101,"column":76}},"36":{"start":{"line":101,"column":66},"end":{"line":101,"column":75}},"37":{"start":{"line":102,"column":6},"end":{"line":102,"column":24}},"38":{"start":{"line":112,"column":21},"end":{"line":116,"column":39}},"39":{"start":{"line":117,"column":12},"end":{"line":117,"column":44}},"40":{"start":{"line":117,"column":38},"end":{"line":117,"column":44}},"41":{"start":{"line":118,"column":12},"end":{"line":118,"column":28}},"42":{"start":{"line":129,"column":20},"end":{"line":133,"column":34}},"43":{"start":{"line":134,"column":8},"end":{"line":135,"column":52}},"44":{"start":{"line":135,"column":8},"end":{"line":135,"column":52}},"45":{"start":{"line":137,"column":8},"end":{"line":137,"column":26}},"46":{"start":{"line":143,"column":34},"end":{"line":143,"column":59}},"47":{"start":{"line":144,"column":29},"end":{"line":144,"column":54}},"48":{"start":{"line":146,"column":25},"end":{"line":149,"column":71}},"49":{"start":{"line":150,"column":19},"end":{"line":150,"column":64}},"50":{"start":{"line":151,"column":16},"end":{"line":151,"column":30}},"51":{"start":{"line":153,"column":4},"end":{"line":153,"column":59}},"52":{"start":{"line":153,"column":14},"end":{"line":153,"column":59}},"53":{"start":{"line":155,"column":4},"end":{"line":155,"column":15}},"54":{"start":{"line":160,"column":23},"end":{"line":165,"column":20}},"55":{"start":{"line":166,"column":24},"end":{"line":166,"column":38}},"56":{"start":{"line":168,"column":8},"end":{"line":168,"column":70}},"57":{"start":{"line":168,"column":22},"end":{"line":168,"column":70}},"58":{"start":{"line":174,"column":0},"end":{"line":174,"column":21}}},"fnMap":{"0":{"name":"(anonymous_0)","decl":{"start":{"line":11,"column":4},"end":{"line":11,"column":5}},"loc":{"start":{"line":11,"column":64},"end":{"line":35,"column":5}},"line":11},"1":{"name":"(anonymous_1)","decl":{"start":{"line":42,"column":4},"end":{"line":42,"column":5}},"loc":{"start":{"line":42,"column":26},"end":{"line":48,"column":5}},"line":42},"2":{"name":"(anonymous_2)","decl":{"start":{"line":53,"column":0},"end":{"line":53,"column":1}},"loc":{"start":{"line":53,"column":48},"end":{"line":105,"column":1}},"line":53},"3":{"name":"(anonymous_3)","decl":{"start":{"line":84,"column":41},"end":{"line":84,"column":42}},"loc":{"start":{"line":84,"column":44},"end":{"line":87,"column":11}},"line":84},"4":{"name":"(anonymous_4)","decl":{"start":{"line":91,"column":39},"end":{"line":91,"column":40}},"loc":{"start":{"line":91,"column":42},"end":{"line":93,"column":9}},"line":91},"5":{"name":"(anonymous_5)","decl":{"start":{"line":96,"column":39},"end":{"line":96,"column":40}},"loc":{"start":{"line":96,"column":42},"end":{"line":98,"column":9}},"line":96},"6":{"name":"(anonymous_6)","decl":{"start":{"line":101,"column":61},"end":{"line":101,"column":62}},"loc":{"start":{"line":101,"column":66},"end":{"line":101,"column":75}},"line":101},"7":{"name":"(anonymous_7)","decl":{"start":{"line":111,"column":0},"end":{"line":111,"column":1}},"loc":{"start":{"line":111,"column":31},"end":{"line":119,"column":1}},"line":111},"8":{"name":"(anonymous_8)","decl":{"start":{"line":128,"column":4},"end":{"line":128,"column":5}},"loc":{"start":{"line":128,"column":27},"end":{"line":139,"column":5}},"line":128},"9":{"name":"(anonymous_9)","decl":{"start":{"line":142,"column":4},"end":{"line":142,"column":5}},"loc":{"start":{"line":142,"column":37},"end":{"line":156,"column":5}},"line":142},"10":{"name":"(anonymous_10)","decl":{"start":{"line":159,"column":4},"end":{"line":159,"column":5}},"loc":{"start":{"line":159,"column":31},"end":{"line":169,"column":7}},"line":159}},"branchMap":{"0":{"loc":{"start":{"line":17,"column":8},"end":{"line":18,"column":65}},"type":"if","locations":[{"start":{"line":17,"column":8},"end":{"line":18,"column":65}},{"start":{},"end":{}}],"line":17},"1":{"loc":{"start":{"line":57,"column":4},"end":{"line":59,"column":5}},"type":"if","locations":[{"start":{"line":57,"column":4},"end":{"line":59,"column":5}},{"start":{},"end":{}}],"line":57},"2":{"loc":{"start":{"line":61,"column":4},"end":{"line":78,"column":7}},"type":"if","locations":[{"start":{"line":61,"column":4},"end":{"line":78,"column":7}},{"start":{"line":70,"column":11},"end":{"line":78,"column":7}}],"line":61},"3":{"loc":{"start":{"line":82,"column":6},"end":{"line":99,"column":7}},"type":"if","locations":[{"start":{"line":82,"column":6},"end":{"line":99,"column":7}},{"start":{"line":90,"column":11},"end":{"line":99,"column":7}}],"line":82},"4":{"loc":{"start":{"line":82,"column":9},"end":{"line":82,"column":37}},"type":"binary-expr","locations":[{"start":{"line":82,"column":9},"end":{"line":82,"column":18}},{"start":{"line":82,"column":22},"end":{"line":82,"column":37}}],"line":82},"5":{"loc":{"start":{"line":85,"column":14},"end":{"line":86,"column":22}},"type":"if","locations":[{"start":{"line":85,"column":14},"end":{"line":86,"column":22}},{"start":{},"end":{}}],"line":85},"6":{"loc":{"start":{"line":85,"column":17},"end":{"line":85,"column":79}},"type":"binary-expr","locations":[{"start":{"line":85,"column":17},"end":{"line":85,"column":38}},{"start":{"line":85,"column":42},"end":{"line":85,"column":59}},{"start":{"line":85,"column":63},"end":{"line":85,"column":79}}],"line":85},"7":{"loc":{"start":{"line":90,"column":11},"end":{"line":99,"column":7}},"type":"if","locations":[{"start":{"line":90,"column":11},"end":{"line":99,"column":7}},{"start":{"line":95,"column":11},"end":{"line":99,"column":7}}],"line":90},"8":{"loc":{"start":{"line":92,"column":12},"end":{"line":92,"column":46}},"type":"if","locations":[{"start":{"line":92,"column":12},"end":{"line":92,"column":46}},{"start":{},"end":{}}],"line":92},"9":{"loc":{"start":{"line":95,"column":11},"end":{"line":99,"column":7}},"type":"if","locations":[{"start":{"line":95,"column":11},"end":{"line":99,"column":7}},{"start":{},"end":{}}],"line":95},"10":{"loc":{"start":{"line":97,"column":12},"end":{"line":97,"column":62}},"type":"if","locations":[{"start":{"line":97,"column":12},"end":{"line":97,"column":62}},{"start":{},"end":{}}],"line":97},"11":{"loc":{"start":{"line":97,"column":15},"end":{"line":97,"column":52}},"type":"binary-expr","locations":[{"start":{"line":97,"column":15},"end":{"line":97,"column":32}},{"start":{"line":97,"column":36},"end":{"line":97,"column":52}}],"line":97},"12":{"loc":{"start":{"line":101,"column":6},"end":{"line":101,"column":76}},"type":"if","locations":[{"start":{"line":101,"column":6},"end":{"line":101,"column":76}},{"start":{},"end":{}}],"line":101},"13":{"loc":{"start":{"line":117,"column":12},"end":{"line":117,"column":44}},"type":"if","locations":[{"start":{"line":117,"column":12},"end":{"line":117,"column":44}},{"start":{},"end":{}}],"line":117},"14":{"loc":{"start":{"line":134,"column":8},"end":{"line":135,"column":52}},"type":"if","locations":[{"start":{"line":134,"column":8},"end":{"line":135,"column":52}},{"start":{},"end":{}}],"line":134},"15":{"loc":{"start":{"line":153,"column":4},"end":{"line":153,"column":59}},"type":"if","locations":[{"start":{"line":153,"column":4},"end":{"line":153,"column":59}},{"start":{},"end":{}}],"line":153},"16":{"loc":{"start":{"line":168,"column":8},"end":{"line":168,"column":70}},"type":"if","locations":[{"start":{"line":168,"column":8},"end":{"line":168,"column":70}},{"start":{},"end":{}}],"line":168}},"s":{"0":8,"1":8,"2":8,"3":8,"4":25,"5":25,"6":1,"7":24,"8":23,"9":23,"10":3,"11":2,"12":3,"13":3,"14":3,"15":1,"16":3,"17":1,"18":2,"19":3,"20":3,"21":3,"22":0,"23":0,"24":0,"25":0,"26":3,"27":1,"28":3,"29":2,"30":2,"31":1,"32":3,"33":1,"34":3,"35":2,"36":6,"37":1,"38":2,"39":2,"40":1,"41":1,"42":1,"43":1,"44":0,"45":1,"46":0,"47":0,"48":0,"49":0,"50":0,"51":0,"52":0,"53":0,"54":4,"55":4,"56":4,"57":2,"58":8},"f":{"0":25,"1":3,"2":3,"3":0,"4":3,"5":3,"6":6,"7":2,"8":1,"9":0,"10":4},"b":{"0":[1,24],"1":[1,2],"2":[1,2],"3":[0,3],"4":[3,1],"5":[0,0],"6":[0,0,0],"7":[1,2],"8":[2,1],"9":[1,1],"10":[1,2],"11":[3,2],"12":[2,1],"13":[1,1],"14":[0,1],"15":[0,0],"16":[2,2]},"_coverageSchema":"1a1c01bbd47fc00a2c39e90264f33305004495a9","hash":"9b414236ed2e6e78ff352a46fbdcc521b51e89dc"}
,"/home/stevan/springBoard/node/express/express-jobly/models/user.js": {"path":"/home/stevan/springBoard/node/express/express-jobly/models/user.js","statementMap":{"0":{"start":{"line":3,"column":11},"end":{"line":3,"column":27}},"1":{"start":{"line":4,"column":15},"end":{"line":4,"column":32}},"2":{"start":{"line":5,"column":32},"end":{"line":5,"column":57}},"3":{"start":{"line":11,"column":4},"end":{"line":11,"column":30}},"4":{"start":{"line":13,"column":31},"end":{"line":13,"column":54}},"5":{"start":{"line":27,"column":19},"end":{"line":37,"column":5}},"6":{"start":{"line":39,"column":17},"end":{"line":39,"column":31}},"7":{"start":{"line":40,"column":4},"end":{"line":40,"column":21}},"8":{"start":{"line":42,"column":4},"end":{"line":50,"column":5}},"9":{"start":{"line":44,"column":22},"end":{"line":44,"column":67}},"10":{"start":{"line":46,"column":6},"end":{"line":49,"column":7}},"11":{"start":{"line":47,"column":8},"end":{"line":47,"column":29}},"12":{"start":{"line":48,"column":8},"end":{"line":48,"column":20}},"13":{"start":{"line":52,"column":4},"end":{"line":52,"column":61}},"14":{"start":{"line":64,"column":27},"end":{"line":69,"column":5}},"15":{"start":{"line":71,"column":4},"end":{"line":73,"column":5}},"16":{"start":{"line":72,"column":6},"end":{"line":72,"column":67}},"17":{"start":{"line":75,"column":27},"end":{"line":75,"column":74}},"18":{"start":{"line":77,"column":19},"end":{"line":95,"column":5}},"19":{"start":{"line":97,"column":17},"end":{"line":97,"column":31}},"20":{"start":{"line":99,"column":4},"end":{"line":99,"column":16}},"21":{"start":{"line":108,"column":19},"end":{"line":116,"column":5}},"22":{"start":{"line":119,"column":4},"end":{"line":119,"column":23}},"23":{"start":{"line":131,"column":20},"end":{"line":140,"column":5}},"24":{"start":{"line":142,"column":17},"end":{"line":142,"column":32}},"25":{"start":{"line":145,"column":4},"end":{"line":145,"column":63}},"26":{"start":{"line":145,"column":15},"end":{"line":145,"column":63}},"27":{"start":{"line":147,"column":4},"end":{"line":147,"column":16}},"28":{"start":{"line":155,"column":17},"end":{"line":158,"column":17}},"29":{"start":{"line":159,"column":4},"end":{"line":159,"column":26}},"30":{"start":{"line":160,"column":4},"end":{"line":160,"column":21}},"31":{"start":{"line":182,"column":4},"end":{"line":184,"column":5}},"32":{"start":{"line":183,"column":6},"end":{"line":183,"column":75}},"33":{"start":{"line":186,"column":32},"end":{"line":192,"column":10}},"34":{"start":{"line":193,"column":27},"end":{"line":193,"column":52}},"35":{"start":{"line":195,"column":21},"end":{"line":202,"column":54}},"36":{"start":{"line":203,"column":19},"end":{"line":203,"column":66}},"37":{"start":{"line":204,"column":17},"end":{"line":204,"column":31}},"38":{"start":{"line":206,"column":4},"end":{"line":206,"column":63}},"39":{"start":{"line":206,"column":15},"end":{"line":206,"column":63}},"40":{"start":{"line":208,"column":4},"end":{"line":208,"column":25}},"41":{"start":{"line":209,"column":4},"end":{"line":209,"column":16}},"42":{"start":{"line":215,"column":17},"end":{"line":221,"column":5}},"43":{"start":{"line":222,"column":17},"end":{"line":222,"column":31}},"44":{"start":{"line":224,"column":4},"end":{"line":224,"column":63}},"45":{"start":{"line":224,"column":15},"end":{"line":224,"column":63}},"46":{"start":{"line":236,"column":14},"end":{"line":239,"column":23}},"47":{"start":{"line":241,"column":4},"end":{"line":243,"column":5}},"48":{"start":{"line":242,"column":6},"end":{"line":242,"column":57}},"49":{"start":{"line":245,"column":18},"end":{"line":250,"column":24}},"50":{"start":{"line":251,"column":24},"end":{"line":251,"column":39}},"51":{"start":{"line":253,"column":4},"end":{"line":255,"column":5}},"52":{"start":{"line":254,"column":6},"end":{"line":254,"column":51}},"53":{"start":{"line":256,"column":4},"end":{"line":256,"column":22}},"54":{"start":{"line":261,"column":0},"end":{"line":261,"column":22}}},"fnMap":{"0":{"name":"(anonymous_0)","decl":{"start":{"line":25,"column":2},"end":{"line":25,"column":3}},"loc":{"start":{"line":25,"column":48},"end":{"line":53,"column":3}},"line":25},"1":{"name":"(anonymous_1)","decl":{"start":{"line":62,"column":2},"end":{"line":62,"column":3}},"loc":{"start":{"line":63,"column":67},"end":{"line":100,"column":3}},"line":63},"2":{"name":"(anonymous_2)","decl":{"start":{"line":107,"column":2},"end":{"line":107,"column":3}},"loc":{"start":{"line":107,"column":25},"end":{"line":120,"column":3}},"line":107},"3":{"name":"(anonymous_3)","decl":{"start":{"line":130,"column":2},"end":{"line":130,"column":3}},"loc":{"start":{"line":130,"column":29},"end":{"line":148,"column":3}},"line":130},"4":{"name":"(anonymous_4)","decl":{"start":{"line":153,"column":2},"end":{"line":153,"column":3}},"loc":{"start":{"line":153,"column":35},"end":{"line":162,"column":3}},"line":153},"5":{"name":"(anonymous_5)","decl":{"start":{"line":181,"column":2},"end":{"line":181,"column":3}},"loc":{"start":{"line":181,"column":38},"end":{"line":210,"column":3}},"line":181},"6":{"name":"(anonymous_6)","decl":{"start":{"line":214,"column":2},"end":{"line":214,"column":3}},"loc":{"start":{"line":214,"column":32},"end":{"line":225,"column":3}},"line":214},"7":{"name":"(anonymous_7)","decl":{"start":{"line":234,"column":2},"end":{"line":234,"column":3}},"loc":{"start":{"line":234,"column":36},"end":{"line":257,"column":3}},"line":234}},"branchMap":{"0":{"loc":{"start":{"line":42,"column":4},"end":{"line":50,"column":5}},"type":"if","locations":[{"start":{"line":42,"column":4},"end":{"line":50,"column":5}},{"start":{},"end":{}}],"line":42},"1":{"loc":{"start":{"line":46,"column":6},"end":{"line":49,"column":7}},"type":"if","locations":[{"start":{"line":46,"column":6},"end":{"line":49,"column":7}},{"start":{},"end":{}}],"line":46},"2":{"loc":{"start":{"line":71,"column":4},"end":{"line":73,"column":5}},"type":"if","locations":[{"start":{"line":71,"column":4},"end":{"line":73,"column":5}},{"start":{},"end":{}}],"line":71},"3":{"loc":{"start":{"line":145,"column":4},"end":{"line":145,"column":63}},"type":"if","locations":[{"start":{"line":145,"column":4},"end":{"line":145,"column":63}},{"start":{},"end":{}}],"line":145},"4":{"loc":{"start":{"line":182,"column":4},"end":{"line":184,"column":5}},"type":"if","locations":[{"start":{"line":182,"column":4},"end":{"line":184,"column":5}},{"start":{},"end":{}}],"line":182},"5":{"loc":{"start":{"line":206,"column":4},"end":{"line":206,"column":63}},"type":"if","locations":[{"start":{"line":206,"column":4},"end":{"line":206,"column":63}},{"start":{},"end":{}}],"line":206},"6":{"loc":{"start":{"line":224,"column":4},"end":{"line":224,"column":63}},"type":"if","locations":[{"start":{"line":224,"column":4},"end":{"line":224,"column":63}},{"start":{},"end":{}}],"line":224},"7":{"loc":{"start":{"line":241,"column":4},"end":{"line":243,"column":5}},"type":"if","locations":[{"start":{"line":241,"column":4},"end":{"line":243,"column":5}},{"start":{},"end":{}}],"line":241},"8":{"loc":{"start":{"line":253,"column":4},"end":{"line":255,"column":5}},"type":"if","locations":[{"start":{"line":253,"column":4},"end":{"line":255,"column":5}},{"start":{},"end":{}}],"line":253}},"s":{"0":8,"1":8,"2":8,"3":8,"4":8,"5":7,"6":7,"7":7,"8":7,"9":4,"10":4,"11":3,"12":3,"13":4,"14":25,"15":25,"16":1,"17":24,"18":24,"19":24,"20":24,"21":3,"22":2,"23":2,"24":2,"25":2,"26":1,"27":1,"28":0,"29":0,"30":0,"31":8,"32":2,"33":8,"34":7,"35":7,"36":7,"37":7,"38":7,"39":2,"40":5,"41":5,"42":5,"43":5,"44":5,"45":2,"46":2,"47":2,"48":0,"49":2,"50":2,"51":2,"52":0,"53":2,"54":8},"f":{"0":7,"1":25,"2":3,"3":2,"4":0,"5":8,"6":5,"7":2},"b":{"0":[4,3],"1":[3,1],"2":[1,24],"3":[1,1],"4":[2,6],"5":[2,5],"6":[2,3],"7":[0,2],"8":[0,2]},"_coverageSchema":"1a1c01bbd47fc00a2c39e90264f33305004495a9","hash":"0a9e922ab2a52c8cbebbdfc572a7243281a0d6e0"}
,"/home/stevan/springBoard/node/express/express-jobly/routes/_testCommon.js": {"path":"/home/stevan/springBoard/node/express/express-jobly/routes/_testCommon.js","statementMap":{"0":{"start":{"line":3,"column":11},"end":{"line":3,"column":30}},"1":{"start":{"line":4,"column":13},"end":{"line":4,"column":38}},"2":{"start":{"line":5,"column":16},"end":{"line":5,"column":44}},"3":{"start":{"line":6,"column":24},"end":{"line":6,"column":52}},"4":{"start":{"line":7,"column":13},"end":{"line":7,"column":41}},"5":{"start":{"line":11,"column":2},"end":{"line":11,"column":38}},"6":{"start":{"line":13,"column":2},"end":{"line":13,"column":42}},"7":{"start":{"line":17,"column":2},"end":{"line":24,"column":9}},"8":{"start":{"line":25,"column":6},"end":{"line":30,"column":8}},"9":{"start":{"line":32,"column":6},"end":{"line":37,"column":8}},"10":{"start":{"line":39,"column":6},"end":{"line":44,"column":8}},"11":{"start":{"line":45,"column":2},"end":{"line":52,"column":9}},"12":{"start":{"line":53,"column":2},"end":{"line":60,"column":9}},"13":{"start":{"line":62,"column":2},"end":{"line":69,"column":5}},"14":{"start":{"line":70,"column":2},"end":{"line":77,"column":5}},"15":{"start":{"line":78,"column":2},"end":{"line":85,"column":5}},"16":{"start":{"line":89,"column":2},"end":{"line":89,"column":26}},"17":{"start":{"line":93,"column":2},"end":{"line":93,"column":29}},"18":{"start":{"line":97,"column":2},"end":{"line":97,"column":17}},"19":{"start":{"line":101,"column":16},"end":{"line":101,"column":63}},"20":{"start":{"line":102,"column":16},"end":{"line":102,"column":63}},"21":{"start":{"line":103,"column":19},"end":{"line":103,"column":68}},"22":{"start":{"line":106,"column":0},"end":{"line":114,"column":2}}},"fnMap":{"0":{"name":"commonBeforeAll","decl":{"start":{"line":9,"column":15},"end":{"line":9,"column":30}},"loc":{"start":{"line":9,"column":33},"end":{"line":86,"column":1}},"line":9},"1":{"name":"commonBeforeEach","decl":{"start":{"line":88,"column":15},"end":{"line":88,"column":31}},"loc":{"start":{"line":88,"column":34},"end":{"line":90,"column":1}},"line":88},"2":{"name":"commonAfterEach","decl":{"start":{"line":92,"column":15},"end":{"line":92,"column":30}},"loc":{"start":{"line":92,"column":33},"end":{"line":94,"column":1}},"line":92},"3":{"name":"commonAfterAll","decl":{"start":{"line":96,"column":15},"end":{"line":96,"column":29}},"loc":{"start":{"line":96,"column":32},"end":{"line":98,"column":1}},"line":96}},"branchMap":{},"s":{"0":6,"1":6,"2":6,"3":6,"4":6,"5":6,"6":6,"7":6,"8":6,"9":6,"10":6,"11":6,"12":6,"13":6,"14":6,"15":6,"16":80,"17":80,"18":6,"19":6,"20":6,"21":6,"22":6},"f":{"0":6,"1":80,"2":80,"3":6},"b":{},"_coverageSchema":"1a1c01bbd47fc00a2c39e90264f33305004495a9","hash":"716b12d88d9ba5598615e84febdcb459ea800e53"}
,"/home/stevan/springBoard/node/express/express-jobly/routes/auth.js": {"path":"/home/stevan/springBoard/node/express/express-jobly/routes/auth.js","statementMap":{"0":{"start":{"line":5,"column":19},"end":{"line":5,"column":40}},"1":{"start":{"line":7,"column":13},"end":{"line":7,"column":38}},"2":{"start":{"line":8,"column":16},"end":{"line":8,"column":34}},"3":{"start":{"line":9,"column":15},"end":{"line":9,"column":35}},"4":{"start":{"line":10,"column":24},"end":{"line":10,"column":52}},"5":{"start":{"line":11,"column":23},"end":{"line":11,"column":58}},"6":{"start":{"line":12,"column":27},"end":{"line":12,"column":66}},"7":{"start":{"line":13,"column":28},"end":{"line":13,"column":54}},"8":{"start":{"line":22,"column":0},"end":{"line":37,"column":3}},"9":{"start":{"line":23,"column":2},"end":{"line":36,"column":3}},"10":{"start":{"line":24,"column":22},"end":{"line":24,"column":67}},"11":{"start":{"line":25,"column":4},"end":{"line":28,"column":5}},"12":{"start":{"line":26,"column":19},"end":{"line":26,"column":53}},"13":{"start":{"line":26,"column":45},"end":{"line":26,"column":52}},"14":{"start":{"line":27,"column":6},"end":{"line":27,"column":38}},"15":{"start":{"line":30,"column":35},"end":{"line":30,"column":43}},"16":{"start":{"line":31,"column":17},"end":{"line":31,"column":60}},"17":{"start":{"line":32,"column":18},"end":{"line":32,"column":35}},"18":{"start":{"line":33,"column":4},"end":{"line":33,"column":31}},"19":{"start":{"line":35,"column":4},"end":{"line":35,"column":21}},"20":{"start":{"line":49,"column":0},"end":{"line":63,"column":3}},"21":{"start":{"line":50,"column":2},"end":{"line":62,"column":3}},"22":{"start":{"line":51,"column":22},"end":{"line":51,"column":71}},"23":{"start":{"line":52,"column":4},"end":{"line":55,"column":5}},"24":{"start":{"line":53,"column":19},"end":{"line":53,"column":53}},"25":{"start":{"line":53,"column":45},"end":{"line":53,"column":52}},"26":{"start":{"line":54,"column":6},"end":{"line":54,"column":38}},"27":{"start":{"line":57,"column":20},"end":{"line":57,"column":71}},"28":{"start":{"line":58,"column":18},"end":{"line":58,"column":38}},"29":{"start":{"line":59,"column":4},"end":{"line":59,"column":43}},"30":{"start":{"line":61,"column":4},"end":{"line":61,"column":21}},"31":{"start":{"line":66,"column":0},"end":{"line":66,"column":24}}},"fnMap":{"0":{"name":"(anonymous_0)","decl":{"start":{"line":22,"column":22},"end":{"line":22,"column":23}},"loc":{"start":{"line":22,"column":54},"end":{"line":37,"column":1}},"line":22},"1":{"name":"(anonymous_1)","decl":{"start":{"line":26,"column":40},"end":{"line":26,"column":41}},"loc":{"start":{"line":26,"column":45},"end":{"line":26,"column":52}},"line":26},"2":{"name":"(anonymous_2)","decl":{"start":{"line":49,"column":25},"end":{"line":49,"column":26}},"loc":{"start":{"line":49,"column":57},"end":{"line":63,"column":1}},"line":49},"3":{"name":"(anonymous_3)","decl":{"start":{"line":53,"column":40},"end":{"line":53,"column":41}},"loc":{"start":{"line":53,"column":45},"end":{"line":53,"column":52}},"line":53}},"branchMap":{"0":{"loc":{"start":{"line":25,"column":4},"end":{"line":28,"column":5}},"type":"if","locations":[{"start":{"line":25,"column":4},"end":{"line":28,"column":5}},{"start":{},"end":{}}],"line":25},"1":{"loc":{"start":{"line":52,"column":4},"end":{"line":55,"column":5}},"type":"if","locations":[{"start":{"line":52,"column":4},"end":{"line":55,"column":5}},{"start":{},"end":{}}],"line":52}},"s":{"0":5,"1":5,"2":5,"3":5,"4":5,"5":5,"6":5,"7":5,"8":5,"9":5,"10":5,"11":5,"12":2,"13":2,"14":2,"15":3,"16":3,"17":1,"18":1,"19":4,"20":5,"21":3,"22":3,"23":3,"24":2,"25":5,"26":2,"27":1,"28":1,"29":1,"30":2,"31":5},"f":{"0":5,"1":2,"2":3,"3":5},"b":{"0":[2,3],"1":[2,1]},"_coverageSchema":"1a1c01bbd47fc00a2c39e90264f33305004495a9","hash":"016e4a63fa6417c2fd3d166b14ef0a1751ebf2f0"}
,"/home/stevan/springBoard/node/express/express-jobly/routes/companies.js": {"path":"/home/stevan/springBoard/node/express/express-jobly/routes/companies.js","statementMap":{"0":{"start":{"line":5,"column":19},"end":{"line":5,"column":40}},"1":{"start":{"line":6,"column":16},"end":{"line":6,"column":34}},"2":{"start":{"line":8,"column":42},"end":{"line":8,"column":68}},"3":{"start":{"line":9,"column":66},"end":{"line":9,"column":95}},"4":{"start":{"line":10,"column":16},"end":{"line":10,"column":44}},"5":{"start":{"line":11,"column":12},"end":{"line":11,"column":37}},"6":{"start":{"line":14,"column":25},"end":{"line":14,"column":62}},"7":{"start":{"line":15,"column":28},"end":{"line":15,"column":68}},"8":{"start":{"line":16,"column":16},"end":{"line":16,"column":42}},"9":{"start":{"line":18,"column":15},"end":{"line":18,"column":35}},"10":{"start":{"line":30,"column":0},"end":{"line":43,"column":3}},"11":{"start":{"line":31,"column":2},"end":{"line":42,"column":3}},"12":{"start":{"line":32,"column":22},"end":{"line":32,"column":69}},"13":{"start":{"line":33,"column":4},"end":{"line":36,"column":5}},"14":{"start":{"line":34,"column":19},"end":{"line":34,"column":53}},"15":{"start":{"line":34,"column":45},"end":{"line":34,"column":52}},"16":{"start":{"line":35,"column":6},"end":{"line":35,"column":38}},"17":{"start":{"line":38,"column":20},"end":{"line":38,"column":50}},"18":{"start":{"line":39,"column":4},"end":{"line":39,"column":45}},"19":{"start":{"line":41,"column":4},"end":{"line":41,"column":21}},"20":{"start":{"line":56,"column":0},"end":{"line":77,"column":3}},"21":{"start":{"line":57,"column":2},"end":{"line":76,"column":3}},"22":{"start":{"line":59,"column":15},"end":{"line":59,"column":32}},"23":{"start":{"line":60,"column":23},"end":{"line":60,"column":58}},"24":{"start":{"line":61,"column":23},"end":{"line":61,"column":58}},"25":{"start":{"line":63,"column":4},"end":{"line":65,"column":5}},"26":{"start":{"line":64,"column":6},"end":{"line":64,"column":84}},"27":{"start":{"line":66,"column":4},"end":{"line":69,"column":5}},"28":{"start":{"line":67,"column":24},"end":{"line":67,"column":76}},"29":{"start":{"line":68,"column":6},"end":{"line":68,"column":37}},"30":{"start":{"line":71,"column":22},"end":{"line":71,"column":45}},"31":{"start":{"line":73,"column":4},"end":{"line":73,"column":35}},"32":{"start":{"line":75,"column":4},"end":{"line":75,"column":21}},"33":{"start":{"line":87,"column":0},"end":{"line":95,"column":3}},"34":{"start":{"line":88,"column":2},"end":{"line":94,"column":3}},"35":{"start":{"line":89,"column":20},"end":{"line":89,"column":56}},"36":{"start":{"line":90,"column":17},"end":{"line":90,"column":56}},"37":{"start":{"line":91,"column":4},"end":{"line":91,"column":39}},"38":{"start":{"line":93,"column":4},"end":{"line":93,"column":21}},"39":{"start":{"line":108,"column":0},"end":{"line":121,"column":3}},"40":{"start":{"line":109,"column":2},"end":{"line":120,"column":3}},"41":{"start":{"line":110,"column":22},"end":{"line":110,"column":72}},"42":{"start":{"line":111,"column":4},"end":{"line":114,"column":5}},"43":{"start":{"line":112,"column":19},"end":{"line":112,"column":53}},"44":{"start":{"line":112,"column":45},"end":{"line":112,"column":52}},"45":{"start":{"line":113,"column":6},"end":{"line":113,"column":38}},"46":{"start":{"line":116,"column":20},"end":{"line":116,"column":69}},"47":{"start":{"line":117,"column":4},"end":{"line":117,"column":33}},"48":{"start":{"line":119,"column":4},"end":{"line":119,"column":21}},"49":{"start":{"line":128,"column":0},"end":{"line":135,"column":3}},"50":{"start":{"line":129,"column":2},"end":{"line":134,"column":3}},"51":{"start":{"line":130,"column":4},"end":{"line":130,"column":44}},"52":{"start":{"line":131,"column":4},"end":{"line":131,"column":52}},"53":{"start":{"line":133,"column":4},"end":{"line":133,"column":21}},"54":{"start":{"line":138,"column":0},"end":{"line":138,"column":24}}},"fnMap":{"0":{"name":"(anonymous_0)","decl":{"start":{"line":30,"column":30},"end":{"line":30,"column":31}},"loc":{"start":{"line":30,"column":62},"end":{"line":43,"column":1}},"line":30},"1":{"name":"(anonymous_1)","decl":{"start":{"line":34,"column":40},"end":{"line":34,"column":41}},"loc":{"start":{"line":34,"column":45},"end":{"line":34,"column":52}},"line":34},"2":{"name":"(anonymous_2)","decl":{"start":{"line":56,"column":16},"end":{"line":56,"column":17}},"loc":{"start":{"line":56,"column":48},"end":{"line":77,"column":1}},"line":56},"3":{"name":"(anonymous_3)","decl":{"start":{"line":87,"column":23},"end":{"line":87,"column":24}},"loc":{"start":{"line":87,"column":55},"end":{"line":95,"column":1}},"line":87},"4":{"name":"(anonymous_4)","decl":{"start":{"line":108,"column":38},"end":{"line":108,"column":39}},"loc":{"start":{"line":108,"column":70},"end":{"line":121,"column":1}},"line":108},"5":{"name":"(anonymous_5)","decl":{"start":{"line":112,"column":40},"end":{"line":112,"column":41}},"loc":{"start":{"line":112,"column":45},"end":{"line":112,"column":52}},"line":112},"6":{"name":"(anonymous_6)","decl":{"start":{"line":128,"column":39},"end":{"line":128,"column":40}},"loc":{"start":{"line":128,"column":71},"end":{"line":135,"column":1}},"line":128}},"branchMap":{"0":{"loc":{"start":{"line":33,"column":4},"end":{"line":36,"column":5}},"type":"if","locations":[{"start":{"line":33,"column":4},"end":{"line":36,"column":5}},{"start":{},"end":{}}],"line":33},"1":{"loc":{"start":{"line":63,"column":4},"end":{"line":65,"column":5}},"type":"if","locations":[{"start":{"line":63,"column":4},"end":{"line":65,"column":5}},{"start":{},"end":{}}],"line":63},"2":{"loc":{"start":{"line":66,"column":4},"end":{"line":69,"column":5}},"type":"if","locations":[{"start":{"line":66,"column":4},"end":{"line":69,"column":5}},{"start":{},"end":{}}],"line":66},"3":{"loc":{"start":{"line":66,"column":7},"end":{"line":66,"column":43}},"type":"binary-expr","locations":[{"start":{"line":66,"column":7},"end":{"line":66,"column":11}},{"start":{"line":66,"column":15},"end":{"line":66,"column":27}},{"start":{"line":66,"column":31},"end":{"line":66,"column":43}}],"line":66},"4":{"loc":{"start":{"line":111,"column":4},"end":{"line":114,"column":5}},"type":"if","locations":[{"start":{"line":111,"column":4},"end":{"line":114,"column":5}},{"start":{},"end":{}}],"line":111}},"s":{"0":5,"1":5,"2":5,"3":5,"4":5,"5":5,"6":5,"7":5,"8":5,"9":5,"10":5,"11":3,"12":3,"13":3,"14":2,"15":3,"16":2,"17":1,"18":1,"19":2,"20":5,"21":2,"22":2,"23":2,"24":2,"25":2,"26":0,"27":2,"28":0,"29":0,"30":2,"31":1,"32":1,"33":5,"34":3,"35":3,"36":2,"37":2,"38":1,"39":5,"40":4,"41":4,"42":4,"43":2,"44":2,"45":2,"46":2,"47":1,"48":3,"49":5,"50":2,"51":2,"52":1,"53":1,"54":5},"f":{"0":3,"1":3,"2":2,"3":3,"4":4,"5":2,"6":2},"b":{"0":[2,1],"1":[0,2],"2":[0,2],"3":[2,2,2],"4":[2,2]},"_coverageSchema":"1a1c01bbd47fc00a2c39e90264f33305004495a9","hash":"da27d66cc77b92da064d9191e2c2ac0cbb099975"}
,"/home/stevan/springBoard/node/express/express-jobly/routes/jobs.js": {"path":"/home/stevan/springBoard/node/express/express-jobly/routes/jobs.js","statementMap":{"0":{"start":{"line":1,"column":16},"end":{"line":1,"column":34}},"1":{"start":{"line":3,"column":42},"end":{"line":3,"column":68}},"2":{"start":{"line":4,"column":66},"end":{"line":4,"column":95}},"3":{"start":{"line":5,"column":12},"end":{"line":5,"column":37}},"4":{"start":{"line":9,"column":15},"end":{"line":9,"column":35}},"5":{"start":{"line":20,"column":0},"end":{"line":27,"column":2}},"6":{"start":{"line":21,"column":4},"end":{"line":26,"column":5}},"7":{"start":{"line":22,"column":20},"end":{"line":22,"column":46}},"8":{"start":{"line":23,"column":8},"end":{"line":23,"column":43}},"9":{"start":{"line":25,"column":8},"end":{"line":25,"column":22}},"10":{"start":{"line":36,"column":0},"end":{"line":53,"column":2}},"11":{"start":{"line":37,"column":4},"end":{"line":51,"column":5}},"12":{"start":{"line":38,"column":20},"end":{"line":38,"column":38}},"13":{"start":{"line":39,"column":24},"end":{"line":39,"column":56}},"14":{"start":{"line":40,"column":24},"end":{"line":40,"column":46}},"15":{"start":{"line":41,"column":8},"end":{"line":44,"column":11}},"16":{"start":{"line":42,"column":25},"end":{"line":42,"column":68}},"17":{"start":{"line":43,"column":12},"end":{"line":43,"column":38}},"18":{"start":{"line":47,"column":21},"end":{"line":47,"column":40}},"19":{"start":{"line":48,"column":8},"end":{"line":48,"column":31}},"20":{"start":{"line":50,"column":8},"end":{"line":50,"column":22}},"21":{"start":{"line":60,"column":0},"end":{"line":70,"column":2}},"22":{"start":{"line":61,"column":4},"end":{"line":69,"column":5}},"23":{"start":{"line":62,"column":23},"end":{"line":62,"column":40}},"24":{"start":{"line":63,"column":20},"end":{"line":63,"column":41}},"25":{"start":{"line":64,"column":8},"end":{"line":64,"column":24}},"26":{"start":{"line":65,"column":8},"end":{"line":65,"column":30}},"27":{"start":{"line":68,"column":8},"end":{"line":68,"column":22}},"28":{"start":{"line":84,"column":1},"end":{"line":92,"column":5}},"29":{"start":{"line":85,"column":4},"end":{"line":91,"column":5}},"30":{"start":{"line":86,"column":8},"end":{"line":86,"column":37}},"31":{"start":{"line":87,"column":18},"end":{"line":87,"column":62}},"32":{"start":{"line":88,"column":6},"end":{"line":88,"column":31}},"33":{"start":{"line":90,"column":6},"end":{"line":90,"column":23}},"34":{"start":{"line":101,"column":0},"end":{"line":108,"column":5}},"35":{"start":{"line":102,"column":4},"end":{"line":107,"column":5}},"36":{"start":{"line":103,"column":6},"end":{"line":103,"column":41}},"37":{"start":{"line":104,"column":6},"end":{"line":104,"column":53}},"38":{"start":{"line":106,"column":6},"end":{"line":106,"column":23}},"39":{"start":{"line":112,"column":0},"end":{"line":112,"column":24}}},"fnMap":{"0":{"name":"(anonymous_0)","decl":{"start":{"line":20,"column":30},"end":{"line":20,"column":31}},"loc":{"start":{"line":20,"column":52},"end":{"line":27,"column":1}},"line":20},"1":{"name":"(anonymous_1)","decl":{"start":{"line":36,"column":16},"end":{"line":36,"column":17}},"loc":{"start":{"line":36,"column":37},"end":{"line":53,"column":1}},"line":36},"2":{"name":"(anonymous_2)","decl":{"start":{"line":60,"column":39},"end":{"line":60,"column":40}},"loc":{"start":{"line":60,"column":61},"end":{"line":70,"column":1}},"line":60},"3":{"name":"(anonymous_3)","decl":{"start":{"line":84,"column":38},"end":{"line":84,"column":39}},"loc":{"start":{"line":84,"column":70},"end":{"line":92,"column":3}},"line":84},"4":{"name":"(anonymous_4)","decl":{"start":{"line":101,"column":38},"end":{"line":101,"column":39}},"loc":{"start":{"line":101,"column":70},"end":{"line":108,"column":3}},"line":101}},"branchMap":{"0":{"loc":{"start":{"line":41,"column":8},"end":{"line":44,"column":11}},"type":"if","locations":[{"start":{"line":41,"column":8},"end":{"line":44,"column":11}},{"start":{},"end":{}}],"line":41},"1":{"loc":{"start":{"line":41,"column":11},"end":{"line":41,"column":42}},"type":"binary-expr","locations":[{"start":{"line":41,"column":11},"end":{"line":41,"column":16}},{"start":{"line":41,"column":20},"end":{"line":41,"column":29}},{"start":{"line":41,"column":33},"end":{"line":41,"column":42}}],"line":41}},"s":{"0":5,"1":5,"2":5,"3":5,"4":5,"5":5,"6":3,"7":3,"8":2,"9":1,"10":5,"11":2,"12":2,"13":2,"14":2,"15":2,"16":0,"17":0,"18":2,"19":1,"20":1,"21":5,"22":1,"23":1,"24":1,"25":1,"26":1,"27":0,"28":5,"29":0,"30":0,"31":0,"32":0,"33":0,"34":5,"35":2,"36":2,"37":1,"38":1,"39":5},"f":{"0":3,"1":2,"2":1,"3":0,"4":2},"b":{"0":[0,2],"1":[2,2,2]},"_coverageSchema":"1a1c01bbd47fc00a2c39e90264f33305004495a9","hash":"ba84d4191854e798b78e7703a4324f6b7b41d089"}
,"/home/stevan/springBoard/node/express/express-jobly/routes/users.js": {"path":"/home/stevan/springBoard/node/express/express-jobly/routes/users.js","statementMap":{"0":{"start":{"line":5,"column":19},"end":{"line":5,"column":40}},"1":{"start":{"line":7,"column":16},"end":{"line":7,"column":34}},"2":{"start":{"line":8,"column":66},"end":{"line":8,"column":95}},"3":{"start":{"line":9,"column":28},"end":{"line":9,"column":54}},"4":{"start":{"line":10,"column":13},"end":{"line":10,"column":38}},"5":{"start":{"line":11,"column":24},"end":{"line":11,"column":52}},"6":{"start":{"line":12,"column":22},"end":{"line":12,"column":56}},"7":{"start":{"line":13,"column":25},"end":{"line":13,"column":62}},"8":{"start":{"line":15,"column":15},"end":{"line":15,"column":31}},"9":{"start":{"line":30,"column":1},"end":{"line":44,"column":3}},"10":{"start":{"line":31,"column":2},"end":{"line":43,"column":3}},"11":{"start":{"line":32,"column":22},"end":{"line":32,"column":66}},"12":{"start":{"line":33,"column":4},"end":{"line":36,"column":5}},"13":{"start":{"line":34,"column":19},"end":{"line":34,"column":53}},"14":{"start":{"line":34,"column":45},"end":{"line":34,"column":52}},"15":{"start":{"line":35,"column":6},"end":{"line":35,"column":38}},"16":{"start":{"line":38,"column":17},"end":{"line":38,"column":46}},"17":{"start":{"line":39,"column":18},"end":{"line":39,"column":35}},"18":{"start":{"line":40,"column":4},"end":{"line":40,"column":49}},"19":{"start":{"line":42,"column":4},"end":{"line":42,"column":21}},"20":{"start":{"line":50,"column":0},"end":{"line":60,"column":2}},"21":{"start":{"line":51,"column":2},"end":{"line":59,"column":3}},"22":{"start":{"line":52,"column":27},"end":{"line":52,"column":37}},"23":{"start":{"line":53,"column":24},"end":{"line":53,"column":53}},"24":{"start":{"line":54,"column":4},"end":{"line":54,"column":35}},"25":{"start":{"line":58,"column":4},"end":{"line":58,"column":18}},"26":{"start":{"line":70,"column":0},"end":{"line":77,"column":3}},"27":{"start":{"line":71,"column":2},"end":{"line":76,"column":3}},"28":{"start":{"line":72,"column":18},"end":{"line":72,"column":38}},"29":{"start":{"line":73,"column":4},"end":{"line":73,"column":31}},"30":{"start":{"line":75,"column":4},"end":{"line":75,"column":21}},"31":{"start":{"line":87,"column":0},"end":{"line":97,"column":3}},"32":{"start":{"line":88,"column":2},"end":{"line":96,"column":3}},"33":{"start":{"line":89,"column":17},"end":{"line":89,"column":52}},"34":{"start":{"line":90,"column":17},"end":{"line":90,"column":59}},"35":{"start":{"line":91,"column":4},"end":{"line":91,"column":48}},"36":{"start":{"line":91,"column":16},"end":{"line":91,"column":47}},"37":{"start":{"line":92,"column":4},"end":{"line":92,"column":29}},"38":{"start":{"line":95,"column":4},"end":{"line":95,"column":21}},"39":{"start":{"line":110,"column":0},"end":{"line":123,"column":3}},"40":{"start":{"line":111,"column":2},"end":{"line":122,"column":3}},"41":{"start":{"line":112,"column":22},"end":{"line":112,"column":69}},"42":{"start":{"line":113,"column":4},"end":{"line":116,"column":5}},"43":{"start":{"line":114,"column":19},"end":{"line":114,"column":53}},"44":{"start":{"line":114,"column":45},"end":{"line":114,"column":52}},"45":{"start":{"line":115,"column":6},"end":{"line":115,"column":38}},"46":{"start":{"line":118,"column":17},"end":{"line":118,"column":65}},"47":{"start":{"line":119,"column":4},"end":{"line":119,"column":30}},"48":{"start":{"line":121,"column":4},"end":{"line":121,"column":21}},"49":{"start":{"line":131,"column":0},"end":{"line":138,"column":3}},"50":{"start":{"line":132,"column":2},"end":{"line":137,"column":3}},"51":{"start":{"line":133,"column":4},"end":{"line":133,"column":43}},"52":{"start":{"line":134,"column":4},"end":{"line":134,"column":54}},"53":{"start":{"line":136,"column":4},"end":{"line":136,"column":21}},"54":{"start":{"line":141,"column":0},"end":{"line":141,"column":24}}},"fnMap":{"0":{"name":"(anonymous_0)","decl":{"start":{"line":30,"column":31},"end":{"line":30,"column":32}},"loc":{"start":{"line":30,"column":63},"end":{"line":44,"column":1}},"line":30},"1":{"name":"(anonymous_1)","decl":{"start":{"line":34,"column":40},"end":{"line":34,"column":41}},"loc":{"start":{"line":34,"column":45},"end":{"line":34,"column":52}},"line":34},"2":{"name":"(anonymous_2)","decl":{"start":{"line":50,"column":35},"end":{"line":50,"column":36}},"loc":{"start":{"line":50,"column":57},"end":{"line":60,"column":1}},"line":50},"3":{"name":"(anonymous_3)","decl":{"start":{"line":70,"column":29},"end":{"line":70,"column":30}},"loc":{"start":{"line":70,"column":61},"end":{"line":77,"column":1}},"line":70},"4":{"name":"(anonymous_4)","decl":{"start":{"line":87,"column":51},"end":{"line":87,"column":52}},"loc":{"start":{"line":87,"column":83},"end":{"line":97,"column":1}},"line":87},"5":{"name":"(anonymous_5)","decl":{"start":{"line":110,"column":53},"end":{"line":110,"column":54}},"loc":{"start":{"line":110,"column":85},"end":{"line":123,"column":1}},"line":110},"6":{"name":"(anonymous_6)","decl":{"start":{"line":114,"column":40},"end":{"line":114,"column":41}},"loc":{"start":{"line":114,"column":45},"end":{"line":114,"column":52}},"line":114},"7":{"name":"(anonymous_7)","decl":{"start":{"line":131,"column":54},"end":{"line":131,"column":55}},"loc":{"start":{"line":131,"column":86},"end":{"line":138,"column":1}},"line":131}},"branchMap":{"0":{"loc":{"start":{"line":33,"column":4},"end":{"line":36,"column":5}},"type":"if","locations":[{"start":{"line":33,"column":4},"end":{"line":36,"column":5}},{"start":{},"end":{}}],"line":33},"1":{"loc":{"start":{"line":91,"column":4},"end":{"line":91,"column":48}},"type":"if","locations":[{"start":{"line":91,"column":4},"end":{"line":91,"column":48}},{"start":{},"end":{}}],"line":91},"2":{"loc":{"start":{"line":113,"column":4},"end":{"line":116,"column":5}},"type":"if","locations":[{"start":{"line":113,"column":4},"end":{"line":116,"column":5}},{"start":{},"end":{}}],"line":113}},"s":{"0":5,"1":5,"2":5,"3":5,"4":5,"5":5,"6":5,"7":5,"8":5,"9":5,"10":4,"11":4,"12":4,"13":2,"14":5,"15":2,"16":2,"17":2,"18":2,"19":2,"20":5,"21":1,"22":1,"23":1,"24":1,"25":0,"26":5,"27":2,"28":2,"29":1,"30":1,"31":5,"32":0,"33":0,"34":0,"35":0,"36":0,"37":0,"38":0,"39":5,"40":5,"41":5,"42":5,"43":1,"44":1,"45":1,"46":4,"47":3,"48":2,"49":5,"50":3,"51":3,"52":2,"53":1,"54":5},"f":{"0":4,"1":5,"2":1,"3":2,"4":0,"5":5,"6":1,"7":3},"b":{"0":[2,2],"1":[0,0],"2":[1,4]},"_coverageSchema":"1a1c01bbd47fc00a2c39e90264f33305004495a9","hash":"902e7b2b9263bc07abf7a7eb5ee9db853f27fffe"}
}
