TN:
SF:app.js
FN:33,(anonymous_0)
FN:38,(anonymous_1)
FNF:2
FNH:2
FNDA:2,(anonymous_0)
FNDA:37,(anonymous_1)
DA:5,5
DA:6,5
DA:8,5
DA:10,5
DA:11,5
DA:12,5
DA:13,5
DA:14,5
DA:16,5
DA:18,5
DA:20,5
DA:21,5
DA:22,5
DA:23,5
DA:25,5
DA:26,5
DA:27,5
DA:28,5
DA:33,5
DA:34,2
DA:38,5
DA:39,37
DA:40,37
DA:41,37
DA:43,37
DA:48,5
LF:26
LH:26
BRDA:39,0,0,1
BRDA:39,0,1,36
BRDA:40,1,0,37
BRDA:40,1,1,4
BRF:4
BRH:4
end_of_record
TN:
SF:config.js
FN:13,getDatabaseUri
FNF:1
FNH:1
FNDA:23,getDatabaseUri
DA:5,12
DA:6,12
DA:8,12
DA:10,12
DA:14,23
DA:22,12
DA:24,12
DA:25,12
DA:26,12
DA:27,12
DA:28,12
DA:29,12
DA:31,12
LF:13
LH:13
BRDA:8,0,0,12
BRDA:8,0,1,11
BRDA:10,1,0,12
BRDA:10,1,1,11
BRDA:14,2,0,20
BRDA:14,2,1,3
BRDA:16,3,0,3
BRDA:16,3,1,1
BRDA:22,4,0,11
BRDA:22,4,1,1
BRF:10
BRH:10
end_of_record
TN:
SF:db.js
FNF:0
FNH:0
DA:3,8
DA:4,8
DA:8,8
DA:9,0
DA:16,8
DA:21,8
DA:23,8
LF:7
LH:6
BRDA:8,0,0,0
BRDA:8,0,1,8
BRF:2
BRH:1
end_of_record
TN:
SF:expressError.js
FN:8,(anonymous_0)
FN:18,(anonymous_1)
FN:26,(anonymous_2)
FN:34,(anonymous_3)
FN:42,(anonymous_4)
FNF:5
FNH:4
FNDA:50,(anonymous_0)
FNDA:15,(anonymous_1)
FNDA:18,(anonymous_2)
FNDA:17,(anonymous_3)
FNDA:0,(anonymous_4)
DA:9,50
DA:10,50
DA:11,50
DA:19,15
DA:27,18
DA:35,17
DA:43,0
DA:47,10
LF:8
LH:7
BRDA:18,0,0,2
BRDA:26,1,0,14
BRDA:34,2,0,0
BRDA:42,3,0,0
BRF:4
BRH:2
end_of_record
TN:
SF:helpers/sql.js
FN:5,sqlForPartialUpdate
FN:14,(anonymous_1)
FNF:2
FNH:2
FNDA:16,sqlForPartialUpdate
FNDA:25,(anonymous_1)
DA:1,9
DA:7,16
DA:9,16
DA:14,13
DA:15,25
DA:18,13
DA:25,9
LF:7
LH:7
BRDA:9,0,0,3
BRDA:9,0,1,13
BRDA:15,1,0,25
BRDA:15,1,1,12
BRF:4
BRH:4
end_of_record
TN:
SF:helpers/tokens.js
FN:6,createToken
FNF:1
FNH:1
FNDA:25,createToken
DA:1,8
DA:2,8
DA:7,25
DA:10,25
DA:15,25
DA:18,8
LF:6
LH:6
BRDA:12,0,0,25
BRDA:12,0,1,16
BRF:2
BRH:2
end_of_record
TN:
SF:middleware/auth.js
FN:18,authenticateJWT
FN:36,ensureLoggedIn
FN:47,ensureAdmin
FN:59,ensureCorrectUserOrAdmin
FNF:4
FNH:4
FNDA:62,authenticateJWT
FNDA:4,ensureLoggedIn
FNDA:28,ensureAdmin
FNDA:12,ensureCorrectUserOrAdmin
DA:5,6
DA:6,6
DA:7,6
DA:19,62
DA:20,62
DA:21,62
DA:22,38
DA:23,38
DA:25,61
DA:27,1
DA:37,4
DA:38,4
DA:39,2
DA:41,2
DA:48,28
DA:49,28
DA:50,8
DA:52,20
DA:54,8
DA:60,12
DA:61,12
DA:62,12
DA:63,4
DA:65,8
DA:67,4
DA:73,6
LF:26
LH:26
BRDA:20,0,0,62
BRDA:20,0,1,61
BRDA:21,1,0,38
BRDA:21,1,1,24
BRDA:38,2,0,2
BRDA:38,2,1,2
BRDA:49,3,0,8
BRDA:49,3,1,20
BRDA:49,4,0,28
BRDA:49,4,1,23
BRDA:62,5,0,4
BRDA:62,5,1,8
BRDA:62,6,0,12
BRDA:62,6,1,10
BRDA:62,6,2,4
BRF:15
BRH:15
end_of_record
TN:
SF:models/_testCommon.js
FN:7,commonBeforeAll
FN:45,commonBeforeEach
FN:49,commonAfterEach
FN:53,commonAfterAll
FNF:4
FNH:4
FNDA:1,commonBeforeAll
FNDA:16,commonBeforeEach
FNDA:16,commonAfterEach
FNDA:1,commonAfterAll
DA:1,1
DA:3,1
DA:4,1
DA:5,1
DA:9,1
DA:11,1
DA:16,1
DA:21,1
DA:30,1
DA:46,16
DA:50,16
DA:54,1
DA:58,1
LF:13
LH:13
BRF:0
BRH:0
end_of_record
TN:
SF:models/company.js
FN:20,(anonymous_0)
FN:53,(anonymous_1)
FN:68,(anonymous_2)
FN:96,(anonymous_3)
FN:102,(anonymous_4)
FN:108,(anonymous_5)
FN:113,(anonymous_6)
FN:125,(anonymous_7)
FN:155,(anonymous_8)
FN:185,(anonymous_9)
FNF:10
FNH:10
FNDA:22,(anonymous_0)
FNDA:3,(anonymous_1)
FNDA:4,(anonymous_2)
FNDA:1,(anonymous_3)
FNDA:3,(anonymous_4)
FNDA:3,(anonymous_5)
FNDA:7,(anonymous_6)
FNDA:5,(anonymous_7)
FNDA:6,(anonymous_8)
FNDA:4,(anonymous_9)
DA:3,7
DA:4,7
DA:5,7
DA:6,7
DA:21,22
DA:27,22
DA:28,1
DA:30,21
DA:43,21
DA:45,21
DA:54,3
DA:62,2
DA:70,4
DA:73,4
DA:74,2
DA:84,2
DA:94,4
DA:95,4
DA:96,1
DA:97,1
DA:100,3
DA:102,1
DA:103,3
DA:106,2
DA:108,1
DA:109,3
DA:113,7
DA:114,1
DA:126,5
DA:136,5
DA:138,5
DA:140,3
DA:156,6
DA:162,5
DA:164,5
DA:172,5
DA:173,5
DA:175,5
DA:177,3
DA:186,4
DA:192,4
DA:194,4
DA:199,7
LF:43
LH:43
BRDA:27,0,0,1
BRDA:27,0,1,21
BRDA:73,1,0,2
BRDA:73,1,1,2
BRDA:95,2,0,1
BRDA:95,2,1,3
BRDA:95,3,0,4
BRDA:95,3,1,2
BRDA:97,4,0,1
BRDA:97,4,1,0
BRDA:97,5,0,1
BRDA:97,5,1,1
BRDA:100,6,0,1
BRDA:100,6,1,2
BRDA:103,7,0,2
BRDA:103,7,1,1
BRDA:106,8,0,1
BRDA:106,8,1,1
BRDA:109,9,0,2
BRDA:109,9,1,1
BRDA:113,10,0,3
BRDA:113,10,1,1
BRDA:138,11,0,2
BRDA:138,11,1,3
BRDA:175,12,0,2
BRDA:175,12,1,3
BRDA:194,13,0,2
BRDA:194,13,1,2
BRF:28
BRH:27
end_of_record
TN:
SF:models/jobs.js
FN:11,(anonymous_0)
FN:42,(anonymous_1)
FN:53,(anonymous_2)
FN:84,(anonymous_3)
FN:91,(anonymous_4)
FN:96,(anonymous_5)
FN:101,(anonymous_6)
FN:111,(anonymous_7)
FN:128,(anonymous_8)
FN:142,(anonymous_9)
FN:159,(anonymous_10)
FNF:11
FNH:9
FNDA:25,(anonymous_0)
FNDA:3,(anonymous_1)
FNDA:3,(anonymous_2)
FNDA:0,(anonymous_3)
FNDA:3,(anonymous_4)
FNDA:3,(anonymous_5)
FNDA:6,(anonymous_6)
FNDA:2,(anonymous_7)
FNDA:1,(anonymous_8)
FNDA:0,(anonymous_9)
FNDA:4,(anonymous_10)
DA:3,8
DA:4,8
DA:5,8
DA:6,8
DA:12,25
DA:17,25
DA:18,1
DA:21,24
DA:32,23
DA:34,23
DA:43,3
DA:47,2
DA:55,3
DA:56,3
DA:57,3
DA:58,1
DA:61,3
DA:62,1
DA:71,2
DA:80,3
DA:81,3
DA:82,3
DA:83,0
DA:84,0
DA:85,0
DA:86,0
DA:90,3
DA:91,1
DA:92,3
DA:95,2
DA:96,1
DA:97,3
DA:101,6
DA:102,1
DA:112,2
DA:117,2
DA:118,1
DA:129,1
DA:134,1
DA:135,0
DA:137,1
DA:143,0
DA:144,0
DA:146,0
DA:150,0
DA:151,0
DA:153,0
DA:155,0
DA:160,4
DA:166,4
DA:168,4
DA:174,8
LF:52
LH:40
BRDA:17,0,0,1
BRDA:17,0,1,24
BRDA:57,1,0,1
BRDA:57,1,1,2
BRDA:61,2,0,1
BRDA:61,2,1,2
BRDA:82,3,0,0
BRDA:82,3,1,3
BRDA:82,4,0,3
BRDA:82,4,1,1
BRDA:85,5,0,0
BRDA:85,5,1,0
BRDA:85,6,0,0
BRDA:85,6,1,0
BRDA:85,6,2,0
BRDA:90,7,0,1
BRDA:90,7,1,2
BRDA:92,8,0,2
BRDA:92,8,1,1
BRDA:95,9,0,1
BRDA:95,9,1,1
BRDA:97,10,0,1
BRDA:97,10,1,2
BRDA:97,11,0,3
BRDA:97,11,1,2
BRDA:101,12,0,2
BRDA:101,12,1,1
BRDA:117,13,0,1
BRDA:117,13,1,1
BRDA:134,14,0,0
BRDA:134,14,1,1
BRDA:153,15,0,0
BRDA:153,15,1,0
BRDA:168,16,0,2
BRDA:168,16,1,2
BRF:35
BRH:26
end_of_record
TN:
SF:models/user.js
FN:25,(anonymous_0)
FN:62,(anonymous_1)
FN:107,(anonymous_2)
FN:130,(anonymous_3)
FN:153,(anonymous_4)
FN:181,(anonymous_5)
FN:214,(anonymous_6)
FN:234,(anonymous_7)
FNF:8
FNH:7
FNDA:7,(anonymous_0)
FNDA:25,(anonymous_1)
FNDA:3,(anonymous_2)
FNDA:2,(anonymous_3)
FNDA:0,(anonymous_4)
FNDA:8,(anonymous_5)
FNDA:5,(anonymous_6)
FNDA:2,(anonymous_7)
DA:3,8
DA:4,8
DA:5,8
DA:11,8
DA:13,8
DA:27,7
DA:39,7
DA:40,7
DA:42,7
DA:44,4
DA:46,4
DA:47,3
DA:48,3
DA:52,4
DA:64,25
DA:71,25
DA:72,1
DA:75,24
DA:77,24
DA:97,24
DA:99,24
DA:108,3
DA:119,2
DA:131,2
DA:142,2
DA:145,2
DA:147,1
DA:155,0
DA:159,0
DA:160,0
DA:182,8
DA:183,2
DA:186,8
DA:193,7
DA:195,7
DA:203,7
DA:204,7
DA:206,7
DA:208,5
DA:209,5
DA:215,5
DA:222,5
DA:224,5
DA:236,2
DA:241,2
DA:242,0
DA:245,2
DA:251,2
DA:253,2
DA:254,0
DA:256,2
DA:261,8
LF:52
LH:47
BRDA:42,0,0,4
BRDA:42,0,1,3
BRDA:46,1,0,3
BRDA:46,1,1,1
BRDA:71,2,0,1
BRDA:71,2,1,24
BRDA:145,3,0,1
BRDA:145,3,1,1
BRDA:182,4,0,2
BRDA:182,4,1,6
BRDA:206,5,0,2
BRDA:206,5,1,5
BRDA:224,6,0,2
BRDA:224,6,1,3
BRDA:241,7,0,0
BRDA:241,7,1,2
BRDA:253,8,0,0
BRDA:253,8,1,2
BRF:18
BRH:16
end_of_record
TN:
SF:routes/_testCommon.js
FN:9,commonBeforeAll
FN:88,commonBeforeEach
FN:92,commonAfterEach
FN:96,commonAfterAll
FNF:4
FNH:4
FNDA:6,commonBeforeAll
FNDA:80,commonBeforeEach
FNDA:80,commonAfterEach
FNDA:6,commonAfterAll
DA:3,6
DA:4,6
DA:5,6
DA:6,6
DA:7,6
DA:11,6
DA:13,6
DA:17,6
DA:25,6
DA:32,6
DA:39,6
DA:45,6
DA:53,6
DA:62,6
DA:70,6
DA:78,6
DA:89,80
DA:93,80
DA:97,6
DA:101,6
DA:102,6
DA:103,6
DA:106,6
LF:23
LH:23
BRF:0
BRH:0
end_of_record
TN:
SF:routes/auth.js
FN:22,(anonymous_0)
FN:26,(anonymous_1)
FN:49,(anonymous_2)
FN:53,(anonymous_3)
FNF:4
FNH:4
FNDA:5,(anonymous_0)
FNDA:2,(anonymous_1)
FNDA:3,(anonymous_2)
FNDA:5,(anonymous_3)
DA:5,5
DA:7,5
DA:8,5
DA:9,5
DA:10,5
DA:11,5
DA:12,5
DA:13,5
DA:22,5
DA:23,5
DA:24,5
DA:25,5
DA:26,2
DA:27,2
DA:30,3
DA:31,3
DA:32,1
DA:33,1
DA:35,4
DA:49,5
DA:50,3
DA:51,3
DA:52,3
DA:53,5
DA:54,2
DA:57,1
DA:58,1
DA:59,1
DA:61,2
DA:66,5
LF:30
LH:30
BRDA:25,0,0,2
BRDA:25,0,1,3
BRDA:52,1,0,2
BRDA:52,1,1,1
BRF:4
BRH:4
end_of_record
TN:
SF:routes/companies.js
FN:30,(anonymous_0)
FN:34,(anonymous_1)
FN:56,(anonymous_2)
FN:87,(anonymous_3)
FN:108,(anonymous_4)
FN:112,(anonymous_5)
FN:128,(anonymous_6)
FNF:7
FNH:7
FNDA:3,(anonymous_0)
FNDA:3,(anonymous_1)
FNDA:2,(anonymous_2)
FNDA:3,(anonymous_3)
FNDA:4,(anonymous_4)
FNDA:2,(anonymous_5)
FNDA:2,(anonymous_6)
DA:5,5
DA:6,5
DA:8,5
DA:9,5
DA:10,5
DA:11,5
DA:14,5
DA:15,5
DA:16,5
DA:18,5
DA:30,5
DA:31,3
DA:32,3
DA:33,3
DA:34,3
DA:35,2
DA:38,1
DA:39,1
DA:41,2
DA:56,5
DA:57,2
DA:59,2
DA:60,2
DA:61,2
DA:63,2
DA:64,0
DA:66,2
DA:67,0
DA:68,0
DA:71,2
DA:73,1
DA:75,1
DA:87,5
DA:88,3
DA:89,3
DA:90,2
DA:91,2
DA:93,1
DA:108,5
DA:109,4
DA:110,4
DA:111,4
DA:112,2
DA:113,2
DA:116,2
DA:117,1
DA:119,3
DA:128,5
DA:129,2
DA:130,2
DA:131,1
DA:133,1
DA:138,5
LF:53
LH:50
BRDA:33,0,0,2
BRDA:33,0,1,1
BRDA:63,1,0,0
BRDA:63,1,1,2
BRDA:66,2,0,0
BRDA:66,2,1,2
BRDA:66,3,0,2
BRDA:66,3,1,2
BRDA:66,3,2,2
BRDA:111,4,0,2
BRDA:111,4,1,2
BRF:11
BRH:9
end_of_record
TN:
SF:routes/jobs.js
FN:20,(anonymous_0)
FN:36,(anonymous_1)
FN:60,(anonymous_2)
FN:84,(anonymous_3)
FN:101,(anonymous_4)
FNF:5
FNH:4
FNDA:3,(anonymous_0)
FNDA:2,(anonymous_1)
FNDA:1,(anonymous_2)
FNDA:0,(anonymous_3)
FNDA:2,(anonymous_4)
DA:1,5
DA:3,5
DA:4,5
DA:5,5
DA:9,5
DA:20,5
DA:21,3
DA:22,3
DA:23,2
DA:25,1
DA:36,5
DA:37,2
DA:38,2
DA:39,2
DA:40,2
DA:41,2
DA:42,0
DA:43,0
DA:47,2
DA:48,1
DA:50,1
DA:60,5
DA:61,1
DA:62,1
DA:63,1
DA:64,1
DA:65,1
DA:68,0
DA:84,5
DA:85,0
DA:86,0
DA:87,0
DA:88,0
DA:90,0
DA:101,5
DA:102,2
DA:103,2
DA:104,1
DA:106,1
DA:112,5
LF:40
LH:32
BRDA:41,0,0,0
BRDA:41,0,1,2
BRDA:41,1,0,2
BRDA:41,1,1,2
BRDA:41,1,2,2
BRF:5
BRH:4
end_of_record
TN:
SF:routes/users.js
FN:30,(anonymous_0)
FN:34,(anonymous_1)
FN:50,(anonymous_2)
FN:70,(anonymous_3)
FN:87,(anonymous_4)
FN:110,(anonymous_5)
FN:114,(anonymous_6)
FN:131,(anonymous_7)
FNF:8
FNH:7
FNDA:4,(anonymous_0)
FNDA:5,(anonymous_1)
FNDA:1,(anonymous_2)
FNDA:2,(anonymous_3)
FNDA:0,(anonymous_4)
FNDA:5,(anonymous_5)
FNDA:1,(anonymous_6)
FNDA:3,(anonymous_7)
DA:5,5
DA:7,5
DA:8,5
DA:9,5
DA:10,5
DA:11,5
DA:12,5
DA:13,5
DA:15,5
DA:30,5
DA:31,4
DA:32,4
DA:33,4
DA:34,5
DA:35,2
DA:38,2
DA:39,2
DA:40,2
DA:42,2
DA:50,5
DA:51,1
DA:52,1
DA:53,1
DA:54,1
DA:58,0
DA:70,5
DA:71,2
DA:72,2
DA:73,1
DA:75,1
DA:87,5
DA:88,0
DA:89,0
DA:90,0
DA:91,0
DA:92,0
DA:95,0
DA:110,5
DA:111,5
DA:112,5
DA:113,5
DA:114,1
DA:115,1
DA:118,4
DA:119,3
DA:121,2
DA:131,5
DA:132,3
DA:133,3
DA:134,2
DA:136,1
DA:141,5
LF:52
LH:45
BRDA:33,0,0,2
BRDA:33,0,1,2
BRDA:91,1,0,0
BRDA:91,1,1,0
BRDA:113,2,0,1
BRDA:113,2,1,4
BRF:6
BRH:4
end_of_record
